   1              		.cpu cortex-a9
   2              		.eabi_attribute 28, 1
   3              		.eabi_attribute 20, 1
   4              		.eabi_attribute 21, 1
   5              		.eabi_attribute 23, 3
   6              		.eabi_attribute 24, 1
   7              		.eabi_attribute 25, 1
   8              		.eabi_attribute 26, 1
   9              		.eabi_attribute 30, 1
  10              		.eabi_attribute 34, 0
  11              		.eabi_attribute 18, 4
  12              		.file	"cmd_sound_app.c"
  13              		.text
  14              	.Ltext0:
  15              		.cfi_sections	.debug_frame
  16              		.section	.text.cmd_record_sound_app,"ax",%progbits
  17              		.align	2
  18              		.arch armv7-a
  19              		.arch_extension mp
  20              		.arch_extension sec
  21              		.syntax unified
  22              		.arm
  23              		.fpu neon
  25              	cmd_record_sound_app:
  26              	.LVL0:
  27              	.LFB7:
  28              		.file 1 "../src/renesas/application/console/cmd/cmd_sound_app.c"
   1:../src/renesas/application/console/cmd/cmd_sound_app.c **** /******************************************************************************
   2:../src/renesas/application/console/cmd/cmd_sound_app.c ****  * DISCLAIMER
   3:../src/renesas/application/console/cmd/cmd_sound_app.c ****  * This software is supplied by Renesas Electronics Corporation and is only
   4:../src/renesas/application/console/cmd/cmd_sound_app.c ****  * intended for use with Renesas products. No other uses are authorized. This
   5:../src/renesas/application/console/cmd/cmd_sound_app.c ****  * software is owned by Renesas Electronics Corporation and is protected under
   6:../src/renesas/application/console/cmd/cmd_sound_app.c ****  * all applicable laws, including copyright laws.
   7:../src/renesas/application/console/cmd/cmd_sound_app.c ****  * THIS SOFTWARE IS PROVIDED "AS IS" AND RENESAS MAKES NO WARRANTIES REGARDING
   8:../src/renesas/application/console/cmd/cmd_sound_app.c ****  * THIS SOFTWARE, WHETHER EXPRESS, IMPLIED OR STATUTORY, INCLUDING BUT NOT
   9:../src/renesas/application/console/cmd/cmd_sound_app.c ****  * LIMITED TO WARRANTIES OF MERCHANTABILITY, FITNESS FOR A PARTICULAR PURPOSE
  10:../src/renesas/application/console/cmd/cmd_sound_app.c ****  * AND NON-INFRINGEMENT. ALL SUCH WARRANTIES ARE EXPRESSLY DISCLAIMED.
  11:../src/renesas/application/console/cmd/cmd_sound_app.c ****  * TO THE MAXIMUM EXTENT PERMITTED NOT PROHIBITED BY LAW, NEITHER RENESAS
  12:../src/renesas/application/console/cmd/cmd_sound_app.c ****  * ELECTRONICS CORPORATION NOR ANY OF ITS AFFILIATED COMPANIES SHALL BE LIABLE
  13:../src/renesas/application/console/cmd/cmd_sound_app.c ****  * FOR ANY DIRECT, INDIRECT, SPECIAL, INCIDENTAL OR CONSEQUENTIAL DAMAGES FOR
  14:../src/renesas/application/console/cmd/cmd_sound_app.c ****  * ANY REASON RELATED TO THIS SOFTWARE, EVEN IF RENESAS OR ITS AFFILIATES HAVE
  15:../src/renesas/application/console/cmd/cmd_sound_app.c ****  * BEEN ADVISED OF THE POSSIBILITY OF SUCH DAMAGES.
  16:../src/renesas/application/console/cmd/cmd_sound_app.c ****  * Renesas reserves the right, without notice, to make changes to this software
  17:../src/renesas/application/console/cmd/cmd_sound_app.c ****  * and to discontinue the availability of this software. By using this software,
  18:../src/renesas/application/console/cmd/cmd_sound_app.c ****  * you agree to the additional terms and conditions found by accessing the
  19:../src/renesas/application/console/cmd/cmd_sound_app.c ****  * following link:
  20:../src/renesas/application/console/cmd/cmd_sound_app.c ****  * http://www.renesas.com/disclaimer
  21:../src/renesas/application/console/cmd/cmd_sound_app.c ****  *******************************************************************************
  22:../src/renesas/application/console/cmd/cmd_sound_app.c ****  * Copyright (C) 2018 Renesas Electronics Corporation. All rights reserved.
  23:../src/renesas/application/console/cmd/cmd_sound_app.c ****  *******************************************************************************
  24:../src/renesas/application/console/cmd/cmd_sound_app.c ****  * File Name    : cmd_sound_app.c
  25:../src/renesas/application/console/cmd/cmd_sound_app.c ****  * Version      : 1.0
  26:../src/renesas/application/console/cmd/cmd_sound_app.c ****  * Device(s)    : Renesas
  27:../src/renesas/application/console/cmd/cmd_sound_app.c ****  * Tool-Chain   : N/A
  28:../src/renesas/application/console/cmd/cmd_sound_app.c ****  * OS           : N/A
  29:../src/renesas/application/console/cmd/cmd_sound_app.c ****  * H/W Platform : RSK+
  30:../src/renesas/application/console/cmd/cmd_sound_app.c ****  * Description  : The Sound application specific commands
  31:../src/renesas/application/console/cmd/cmd_sound_app.c ****  *******************************************************************************
  32:../src/renesas/application/console/cmd/cmd_sound_app.c ****  * History      : DD.MM.YYYY Ver. Description
  33:../src/renesas/application/console/cmd/cmd_sound_app.c ****  *              : 14.06.2018 1.00 First Release
  34:../src/renesas/application/console/cmd/cmd_sound_app.c ****  ******************************************************************************/
  35:../src/renesas/application/console/cmd/cmd_sound_app.c **** 
  36:../src/renesas/application/console/cmd/cmd_sound_app.c **** /******************************************************************************
  37:../src/renesas/application/console/cmd/cmd_sound_app.c ****  WARNING!  IN ACCORDANCE WITH THE USER LICENCE THIS CODE MUST NOT BE CONVEYED
  38:../src/renesas/application/console/cmd/cmd_sound_app.c ****  OR REDISTRIBUTED IN COMBINATION WITH ANY SOFTWARE LICENSED UNDER TERMS THE
  39:../src/renesas/application/console/cmd/cmd_sound_app.c ****  SAME AS OR SIMILAR TO THE GNU GENERAL PUBLIC LICENCE
  40:../src/renesas/application/console/cmd/cmd_sound_app.c ****  ******************************************************************************/
  41:../src/renesas/application/console/cmd/cmd_sound_app.c **** 
  42:../src/renesas/application/console/cmd/cmd_sound_app.c **** /******************************************************************************
  43:../src/renesas/application/console/cmd/cmd_sound_app.c ****  System Includes
  44:../src/renesas/application/console/cmd/cmd_sound_app.c ****  ******************************************************************************/
  45:../src/renesas/application/console/cmd/cmd_sound_app.c **** 
  46:../src/renesas/application/console/cmd/cmd_sound_app.c **** #include <stdio.h>
  47:../src/renesas/application/console/cmd/cmd_sound_app.c **** #include <string.h>
  48:../src/renesas/application/console/cmd/cmd_sound_app.c **** #include <stdlib.h>
  49:../src/renesas/application/console/cmd/cmd_sound_app.c **** #include <fcntl.h>
  50:../src/renesas/application/console/cmd/cmd_sound_app.c **** 
  51:../src/renesas/application/console/cmd/cmd_sound_app.c **** /******************************************************************************
  52:../src/renesas/application/console/cmd/cmd_sound_app.c ****  User Includes
  53:../src/renesas/application/console/cmd/cmd_sound_app.c ****  ******************************************************************************/
  54:../src/renesas/application/console/cmd/cmd_sound_app.c **** 
  55:../src/renesas/application/console/cmd/cmd_sound_app.c **** #include "r_typedefs.h"
  56:../src/renesas/application/console/cmd/cmd_sound_app.c **** #include "compiler_settings.h"
  57:../src/renesas/application/console/cmd/cmd_sound_app.c **** #include "console.h"
  58:../src/renesas/application/console/cmd/cmd_sound_app.c **** #include "r_task_priority.h"
  59:../src/renesas/application/console/cmd/cmd_sound_app.c **** #include "main.h"
  60:../src/renesas/application/console/cmd/cmd_sound_app.c **** #include "r_os_abstraction_api.h"
  61:../src/renesas/application/console/cmd/cmd_sound_app.c **** #include "r_sound_app.h"
  62:../src/renesas/application/console/cmd/cmd_sound_app.c **** #include "r_sound.h"
  63:../src/renesas/application/console/cmd/cmd_sound_app.c **** 
  64:../src/renesas/application/console/cmd/cmd_sound_app.c **** /******************************************************************************
  65:../src/renesas/application/console/cmd/cmd_sound_app.c **** Typedef definitions
  66:../src/renesas/application/console/cmd/cmd_sound_app.c **** ******************************************************************************/
  67:../src/renesas/application/console/cmd/cmd_sound_app.c **** 
  68:../src/renesas/application/console/cmd/cmd_sound_app.c **** /******************************************************************************
  69:../src/renesas/application/console/cmd/cmd_sound_app.c ****  External functions
  70:../src/renesas/application/console/cmd/cmd_sound_app.c ****  ******************************************************************************/
  71:../src/renesas/application/console/cmd/cmd_sound_app.c **** 
  72:../src/renesas/application/console/cmd/cmd_sound_app.c ****  /*****************************************************************************
  73:../src/renesas/application/console/cmd/cmd_sound_app.c ****  External Variables
  74:../src/renesas/application/console/cmd/cmd_sound_app.c ****  ******************************************************************************/
  75:../src/renesas/application/console/cmd/cmd_sound_app.c **** 
  76:../src/renesas/application/console/cmd/cmd_sound_app.c **** /******************************************************************************
  77:../src/renesas/application/console/cmd/cmd_sound_app.c ****  Private Functions
  78:../src/renesas/application/console/cmd/cmd_sound_app.c ****  ******************************************************************************/
  79:../src/renesas/application/console/cmd/cmd_sound_app.c **** 
  80:../src/renesas/application/console/cmd/cmd_sound_app.c **** static int16_t cmd_play_sound_app(int_t iArgCount, char_t **ppszArgument, pst_comset_t pCom);
  81:../src/renesas/application/console/cmd/cmd_sound_app.c **** static int16_t cmd_record_sound_app(int_t iArgCount, char_t **ppszArgument, pst_comset_t pCom);
  82:../src/renesas/application/console/cmd/cmd_sound_app.c **** 
  83:../src/renesas/application/console/cmd/cmd_sound_app.c **** /*****************************************************************************
  84:../src/renesas/application/console/cmd/cmd_sound_app.c ****  Global Variables
  85:../src/renesas/application/console/cmd/cmd_sound_app.c ****  ******************************************************************************/
  86:../src/renesas/application/console/cmd/cmd_sound_app.c **** 
  87:../src/renesas/application/console/cmd/cmd_sound_app.c **** /* Table that associates command letters, function pointer and a little
  88:../src/renesas/application/console/cmd/cmd_sound_app.c ****  description of what the command does */
  89:../src/renesas/application/console/cmd/cmd_sound_app.c **** static st_cmdfnass_t s_cmd_sound_app[] =
  90:../src/renesas/application/console/cmd/cmd_sound_app.c **** {
  91:../src/renesas/application/console/cmd/cmd_sound_app.c ****      {
  92:../src/renesas/application/console/cmd/cmd_sound_app.c ****       "play",
  93:../src/renesas/application/console/cmd/cmd_sound_app.c ****       cmd_play_sound_app,
  94:../src/renesas/application/console/cmd/cmd_sound_app.c ****       "<CR> - run play sound application ",
  95:../src/renesas/application/console/cmd/cmd_sound_app.c ****      },
  96:../src/renesas/application/console/cmd/cmd_sound_app.c ****      {
  97:../src/renesas/application/console/cmd/cmd_sound_app.c ****       "record",
  98:../src/renesas/application/console/cmd/cmd_sound_app.c ****       cmd_record_sound_app,
  99:../src/renesas/application/console/cmd/cmd_sound_app.c ****       "<CR> - run record sound application",
 100:../src/renesas/application/console/cmd/cmd_sound_app.c ****      }
 101:../src/renesas/application/console/cmd/cmd_sound_app.c **** };
 102:../src/renesas/application/console/cmd/cmd_sound_app.c **** 
 103:../src/renesas/application/console/cmd/cmd_sound_app.c **** /* Table that points to the above table and contains the number of entries */
 104:../src/renesas/application/console/cmd/cmd_sound_app.c **** const st_command_table_t g_cmd_tbl_sound_app =
 105:../src/renesas/application/console/cmd/cmd_sound_app.c **** {
 106:../src/renesas/application/console/cmd/cmd_sound_app.c ****     "Sound Application Commands",
 107:../src/renesas/application/console/cmd/cmd_sound_app.c ****     s_cmd_sound_app,
 108:../src/renesas/application/console/cmd/cmd_sound_app.c ****     ((sizeof(s_cmd_sound_app)) / sizeof(st_cmdfnass_t))
 109:../src/renesas/application/console/cmd/cmd_sound_app.c **** };
 110:../src/renesas/application/console/cmd/cmd_sound_app.c **** 
 111:../src/renesas/application/console/cmd/cmd_sound_app.c **** /******************************************************************************
 112:../src/renesas/application/console/cmd/cmd_sound_app.c ****  Function Name : cmd_play_sound_app
 113:../src/renesas/application/console/cmd/cmd_sound_app.c ****  Description   : Run the adc application demo,
 114:../src/renesas/application/console/cmd/cmd_sound_app.c ****  Arguments     : IN  iArgCount - The number of arguments in the argument list
 115:../src/renesas/application/console/cmd/cmd_sound_app.c ****                  IN  ppszArgument - The argument list
 116:../src/renesas/application/console/cmd/cmd_sound_app.c ****                  IN  pCom - Pointer to the command object
 117:../src/renesas/application/console/cmd/cmd_sound_app.c ****  Return value  : CMD_OK for success
 118:../src/renesas/application/console/cmd/cmd_sound_app.c ****  ******************************************************************************/
 119:../src/renesas/application/console/cmd/cmd_sound_app.c **** static int16_t cmd_play_sound_app(int_t iArgCount, char_t **ppszArgument, pst_comset_t pCom)
 120:../src/renesas/application/console/cmd/cmd_sound_app.c **** {
 121:../src/renesas/application/console/cmd/cmd_sound_app.c ****     /* Not used */
 122:../src/renesas/application/console/cmd/cmd_sound_app.c ****     (void) ppszArgument;
 123:../src/renesas/application/console/cmd/cmd_sound_app.c **** 
 124:../src/renesas/application/console/cmd/cmd_sound_app.c ****     /* Not used */
 125:../src/renesas/application/console/cmd/cmd_sound_app.c ****     (void) iArgCount;
 126:../src/renesas/application/console/cmd/cmd_sound_app.c **** 
 127:../src/renesas/application/console/cmd/cmd_sound_app.c ****     R_SOUND_PlaySample(pCom->p_in, pCom->p_out);
 128:../src/renesas/application/console/cmd/cmd_sound_app.c **** 
 129:../src/renesas/application/console/cmd/cmd_sound_app.c ****     return CMD_OK;
 130:../src/renesas/application/console/cmd/cmd_sound_app.c **** }
 131:../src/renesas/application/console/cmd/cmd_sound_app.c **** /******************************************************************************
 132:../src/renesas/application/console/cmd/cmd_sound_app.c ****  End of function  cmd_play_sound_app
 133:../src/renesas/application/console/cmd/cmd_sound_app.c ****  ******************************************************************************/
 134:../src/renesas/application/console/cmd/cmd_sound_app.c **** 
 135:../src/renesas/application/console/cmd/cmd_sound_app.c **** 
 136:../src/renesas/application/console/cmd/cmd_sound_app.c **** /******************************************************************************
 137:../src/renesas/application/console/cmd/cmd_sound_app.c ****  Function Name : cmd_record_sound_app
 138:../src/renesas/application/console/cmd/cmd_sound_app.c ****  Description   : Run the adc application demo,
 139:../src/renesas/application/console/cmd/cmd_sound_app.c ****  Arguments     : IN  iArgCount - The number of arguments in the argument list
 140:../src/renesas/application/console/cmd/cmd_sound_app.c ****                  IN  ppszArgument - The argument list
 141:../src/renesas/application/console/cmd/cmd_sound_app.c ****                  IN  pCom - Pointer to the command object
 142:../src/renesas/application/console/cmd/cmd_sound_app.c ****  Return value  : CMD_OK for success
 143:../src/renesas/application/console/cmd/cmd_sound_app.c ****  ******************************************************************************/
 144:../src/renesas/application/console/cmd/cmd_sound_app.c **** static int16_t cmd_record_sound_app(int_t iArgCount, char_t **ppszArgument, pst_comset_t pCom)
 145:../src/renesas/application/console/cmd/cmd_sound_app.c **** {
  29              		.loc 1 145 1 view -0
  30              		.cfi_startproc
  31              		@ args = 0, pretend = 0, frame = 0
  32              		@ frame_needed = 0, uses_anonymous_args = 0
  33              		.loc 1 145 1 is_stmt 0 view .LVU1
  34 0000 10402DE9 		push	{r4, lr}
  35              		.cfi_def_cfa_offset 8
  36              		.cfi_offset 4, -8
  37              		.cfi_offset 14, -4
 146:../src/renesas/application/console/cmd/cmd_sound_app.c ****     /* Not used */
 147:../src/renesas/application/console/cmd/cmd_sound_app.c ****     (void) ppszArgument;
  38              		.loc 1 147 5 is_stmt 1 view .LVU2
 148:../src/renesas/application/console/cmd/cmd_sound_app.c **** 
 149:../src/renesas/application/console/cmd/cmd_sound_app.c ****     /* Not used */
 150:../src/renesas/application/console/cmd/cmd_sound_app.c ****     (void) iArgCount;
  39              		.loc 1 150 5 view .LVU3
 151:../src/renesas/application/console/cmd/cmd_sound_app.c **** 
 152:../src/renesas/application/console/cmd/cmd_sound_app.c ****     R_SOUND_RecordSample(pCom->p_in, pCom->p_out);
  40              		.loc 1 152 5 view .LVU4
  41 0004 381C92E5 		ldr	r1, [r2, #3128]
  42              	.LVL1:
  43              		.loc 1 152 5 is_stmt 0 view .LVU5
  44 0008 340C92E5 		ldr	r0, [r2, #3124]
  45              	.LVL2:
  46              		.loc 1 152 5 view .LVU6
  47 000c FEFFFFEB 		bl	R_SOUND_RecordSample
  48              	.LVL3:
 153:../src/renesas/application/console/cmd/cmd_sound_app.c **** 
 154:../src/renesas/application/console/cmd/cmd_sound_app.c ****     return CMD_OK;
  49              		.loc 1 154 5 is_stmt 1 view .LVU7
 155:../src/renesas/application/console/cmd/cmd_sound_app.c **** }
  50              		.loc 1 155 1 is_stmt 0 view .LVU8
  51 0010 0000A0E3 		mov	r0, #0
  52 0014 1080BDE8 		pop	{r4, pc}
  53              		.cfi_endproc
  54              	.LFE7:
  56              		.section	.text.cmd_play_sound_app,"ax",%progbits
  57              		.align	2
  58              		.syntax unified
  59              		.arm
  60              		.fpu neon
  62              	cmd_play_sound_app:
  63              	.LVL4:
  64              	.LFB6:
 120:../src/renesas/application/console/cmd/cmd_sound_app.c ****     /* Not used */
  65              		.loc 1 120 1 is_stmt 1 view -0
  66              		.cfi_startproc
  67              		@ args = 0, pretend = 0, frame = 0
  68              		@ frame_needed = 0, uses_anonymous_args = 0
 120:../src/renesas/application/console/cmd/cmd_sound_app.c ****     /* Not used */
  69              		.loc 1 120 1 is_stmt 0 view .LVU10
  70 0000 10402DE9 		push	{r4, lr}
  71              		.cfi_def_cfa_offset 8
  72              		.cfi_offset 4, -8
  73              		.cfi_offset 14, -4
 122:../src/renesas/application/console/cmd/cmd_sound_app.c **** 
  74              		.loc 1 122 5 is_stmt 1 view .LVU11
 125:../src/renesas/application/console/cmd/cmd_sound_app.c **** 
  75              		.loc 1 125 5 view .LVU12
 127:../src/renesas/application/console/cmd/cmd_sound_app.c **** 
  76              		.loc 1 127 5 view .LVU13
  77 0004 381C92E5 		ldr	r1, [r2, #3128]
  78              	.LVL5:
 127:../src/renesas/application/console/cmd/cmd_sound_app.c **** 
  79              		.loc 1 127 5 is_stmt 0 view .LVU14
  80 0008 340C92E5 		ldr	r0, [r2, #3124]
  81              	.LVL6:
 127:../src/renesas/application/console/cmd/cmd_sound_app.c **** 
  82              		.loc 1 127 5 view .LVU15
  83 000c FEFFFFEB 		bl	R_SOUND_PlaySample
  84              	.LVL7:
 129:../src/renesas/application/console/cmd/cmd_sound_app.c **** }
  85              		.loc 1 129 5 is_stmt 1 view .LVU16
 130:../src/renesas/application/console/cmd/cmd_sound_app.c **** /******************************************************************************
  86              		.loc 1 130 1 is_stmt 0 view .LVU17
  87 0010 0000A0E3 		mov	r0, #0
  88 0014 1080BDE8 		pop	{r4, pc}
  89              		.cfi_endproc
  90              	.LFE6:
  92              		.global	g_cmd_tbl_sound_app
  93              		.section	.rodata.str1.4,"aMS",%progbits,1
  94              		.align	2
  95              	.LC0:
  96 0000 706C6179 		.ascii	"play\000"
  96      00
  97 0005 000000   		.align	2
  98              	.LC1:
  99 0008 3C43523E 		.ascii	"<CR> - run play sound application \000"
  99      202D2072 
  99      756E2070 
  99      6C617920 
  99      736F756E 
 100 002b 00       		.align	2
 101              	.LC2:
 102 002c 7265636F 		.ascii	"record\000"
 102      726400
 103 0033 00       		.align	2
 104              	.LC3:
 105 0034 3C43523E 		.ascii	"<CR> - run record sound application\000"
 105      202D2072 
 105      756E2072 
 105      65636F72 
 105      6420736F 
 106              		.section	.data.s_cmd_sound_app,"aw"
 107              		.align	2
 110              	s_cmd_sound_app:
 111 0000 00000000 		.word	.LC0
 112 0004 00000000 		.word	cmd_play_sound_app
 113 0008 08000000 		.word	.LC1
 114 000c 2C000000 		.word	.LC2
 115 0010 00000000 		.word	cmd_record_sound_app
 116 0014 34000000 		.word	.LC3
 117              		.section	.rodata.g_cmd_tbl_sound_app,"a"
 118              		.align	2
 121              	g_cmd_tbl_sound_app:
 122 0000 536F756E 		.ascii	"Sound Application Commands\000"
 122      64204170 
 122      706C6963 
 122      6174696F 
 122      6E20436F 
 123 001b 00000000 		.space	5
 123      00
 124 0020 00000000 		.word	s_cmd_sound_app
 125 0024 02000000 		.word	2
 126              		.text
 127              	.Letext0:
 128              		.file 2 "c:\\program files (x86)\\gnu arm embedded toolchain\\9 2020-q2-update\\arm-none-eabi\\inc
 129              		.file 3 "c:\\program files (x86)\\gnu arm embedded toolchain\\9 2020-q2-update\\lib\\gcc\\arm-none
 130              		.file 4 "c:\\program files (x86)\\gnu arm embedded toolchain\\9 2020-q2-update\\arm-none-eabi\\inc
 131              		.file 5 "c:\\program files (x86)\\gnu arm embedded toolchain\\9 2020-q2-update\\arm-none-eabi\\inc
 132              		.file 6 "c:\\program files (x86)\\gnu arm embedded toolchain\\9 2020-q2-update\\arm-none-eabi\\inc
 133              		.file 7 "c:\\program files (x86)\\gnu arm embedded toolchain\\9 2020-q2-update\\arm-none-eabi\\inc
 134              		.file 8 "c:\\program files (x86)\\gnu arm embedded toolchain\\9 2020-q2-update\\arm-none-eabi\\inc
 135              		.file 9 "c:\\program files (x86)\\gnu arm embedded toolchain\\9 2020-q2-update\\arm-none-eabi\\inc
 136              		.file 10 "c:\\program files (x86)\\gnu arm embedded toolchain\\9 2020-q2-update\\arm-none-eabi\\in
 137              		.file 11 "c:\\program files (x86)\\gnu arm embedded toolchain\\9 2020-q2-update\\arm-none-eabi\\in
 138              		.file 12 "C:/Users/ryota/e2_studio/workspace/rza2m_ssif_sample_freertos_gcc/generate/system/inc/r_
 139              		.file 13 "C:/Users/ryota/e2_studio/workspace/rza2m_ssif_sample_freertos_gcc/generate/system/inc/dr
 140              		.file 14 "C:/Users/ryota/e2_studio/workspace/rza2m_ssif_sample_freertos_gcc/generate/os_abstractio
 141              		.file 15 "C:/Users/ryota/e2_studio/workspace/rza2m_ssif_sample_freertos_gcc/src/renesas/applicatio
 142              		.file 16 "c:\\program files (x86)\\gnu arm embedded toolchain\\9 2020-q2-update\\arm-none-eabi\\in
 143              		.file 17 "C:/Users/ryota/e2_studio/workspace/rza2m_ssif_sample_freertos_gcc/src/renesas/applicatio
DEFINED SYMBOLS
                            *ABS*:00000000 cmd_sound_app.c
C:\Users\ryota\AppData\Local\Temp\ccKeMbYn.s:17     .text.cmd_record_sound_app:00000000 $a
C:\Users\ryota\AppData\Local\Temp\ccKeMbYn.s:25     .text.cmd_record_sound_app:00000000 cmd_record_sound_app
C:\Users\ryota\AppData\Local\Temp\ccKeMbYn.s:57     .text.cmd_play_sound_app:00000000 $a
C:\Users\ryota\AppData\Local\Temp\ccKeMbYn.s:62     .text.cmd_play_sound_app:00000000 cmd_play_sound_app
C:\Users\ryota\AppData\Local\Temp\ccKeMbYn.s:121    .rodata.g_cmd_tbl_sound_app:00000000 g_cmd_tbl_sound_app
C:\Users\ryota\AppData\Local\Temp\ccKeMbYn.s:94     .rodata.str1.4:00000000 $d
C:\Users\ryota\AppData\Local\Temp\ccKeMbYn.s:107    .data.s_cmd_sound_app:00000000 $d
C:\Users\ryota\AppData\Local\Temp\ccKeMbYn.s:110    .data.s_cmd_sound_app:00000000 s_cmd_sound_app
C:\Users\ryota\AppData\Local\Temp\ccKeMbYn.s:118    .rodata.g_cmd_tbl_sound_app:00000000 $d
                           .group:00000000 wm4.0.3d5c910ebb40df6df78b28e37cd67f3d
                           .group:00000000 wm4._newlib_version.h.4.1ef4e12f167f8b69d7c30054be56050d
                           .group:00000000 wm4.newlib.h.18.1c9fedb6b3cd797cff253cc0fd593ef2
                           .group:00000000 wm4.ieeefp.h.77.3f06799abf5dd88bdddee084775a1223
                           .group:00000000 wm4.features.h.22.fad1cec3bc7ff06488171438dbdcfd02
                           .group:00000000 wm4.config.h.224.c701144a7b0518c6ee9b9b5465b79f81
                           .group:00000000 wm4._ansi.h.31.de524f58584151836e90d8620a16f8e8
                           .group:00000000 wm4.stdio.h.31.7c0e28c411445f3f9c5b11accf882760
                           .group:00000000 wm4._default_types.h.6.959254cf5f09734ea7516c89e8bb21bd
                           .group:00000000 wm4.stddef.h.181.c3f52a3b0f4c288bddb5dda1562858e2
                           .group:00000000 wm4.cdefs.h.49.6260d97adb8d27534cbdc0f868b8ea87
                           .group:00000000 wm4.stddef.h.39.b727a6c3269d9d6ef9fc646b721a8287
                           .group:00000000 wm4.stdarg.h.34.3a23a216c0c293b3d2ea2e89281481e6
                           .group:00000000 wm4._types.h.20.dd0d04dca3800a0d2a6129b87f3adbb2
                           .group:00000000 wm4.stddef.h.155.3588ebfdd1e8c7ede80509bb9c3b8009
                           .group:00000000 wm4._types.h.127.34941de1b2539d59d5cac00e0dd27a45
                           .group:00000000 wm4.reent.h.17.e292bf8b0bec6c96e131a54347145a30
                           .group:00000000 wm4.lock.h.2.1461d1fff82dffe8bfddc23307f6484f
                           .group:00000000 wm4.reent.h.77.dcd6129ff07fe81bd5636db29abe53b2
                           .group:00000000 wm4.types.h.40.8b6acba56cefbb11746718204edc8f5e
                           .group:00000000 wm4._stdint.h.10.c24fa3af3bc1706662bb5593a907e841
                           .group:00000000 wm4._endian.h.31.65a10590763c3dde1ac4a7f66d7d4891
                           .group:00000000 wm4.endian.h.9.49f3a4695c1b61e8a0808de3c4a106cb
                           .group:00000000 wm4._timeval.h.32.bec3221fa7a9bb0bdde696c9c57e47d2
                           .group:00000000 wm4.timespec.h.41.d855182eb0e690443ab8651bcedca6e1
                           .group:00000000 wm4.select.h.19.97ca6fd0c752a0f3b6719fd314d361e6
                           .group:00000000 wm4.types.h.51.5571ec98f267d17d3c670b7a3ba33afa
                           .group:00000000 wm4.sched.h.22.c60982713a5c428609783c78f9c78d95
                           .group:00000000 wm4._pthreadtypes.h.36.fcee9961c35163dde6267ef772ad1972
                           .group:00000000 wm4.stdio.h.2.4aa87247282eca6c8f36f9de33d8df1a
                           .group:00000000 wm4.stdio.h.81.932d0c162786b883f622b8d05c120c78
                           .group:00000000 wm4.string.h.8.c4b8571ce60dff2817f43fec8b86aecd
                           .group:00000000 wm4.stddef.h.155.ba788add86a0e365f264484f110c3c29
                           .group:00000000 wm4.stdlib.h.13.4ed386f5c1a80d71e72172885d946ef2
                           .group:00000000 wm4.alloca.h.8.dfc0c703c47ec3e69746825b17d9e66d
                           .group:00000000 wm4.stdlib.h.56.f4862cfbf4363a1db01842d5bdf72c18
                           .group:00000000 wm4._default_fcntl.h.6.791f38f41eee7843f224ce48f47caa9b
                           .group:00000000 wm4.time.h.8.db4619001f026d0b4874c029fef0e91f
                           .group:00000000 wm4.time.h.2.4581ce0ffb6627cfc02162c94bf846c9
                           .group:00000000 wm4.time.h.25.e44726f8f6b03ec08e4e0835a2fcc2b7
                           .group:00000000 wm4.stat.h.54.5a9b823658423102e7a8de4ed089eedc
                           .group:00000000 wm4.fcntl.h.9.9336f33d7f5028f694c75e6e224e0cf7
                           .group:00000000 wm4._intsup.h.10.48bafbb683905c4daa4565a85aeeb264
                           .group:00000000 wm4.stdint.h.23.d53047a68f4a85177f80b422d52785ed
                           .group:00000000 wm4.math.h.13.97100c05caf9f40dd9f5a3cda48ccc01
                           .group:00000000 wm4.r_typedefs.h.38.e90d9de5300d9ae020e5db8c5af88b3e
                           .group:00000000 wm4.r_startup_config.h.28.41a2bd9676f9208cac4163ceb2eb9006
                           .group:00000000 wm4.r_compiler_abstraction_api.h.26.bb21b39b83806cb7bb8838b6f825dcff
                           .group:00000000 wm4.driver.h.34.180df73e0731406f5e50150641059ede
                           .group:00000000 wm4.r_os_abstraction_api.h.60.0331cc3a2f471de784d61b225d2e9127
                           .group:00000000 wm4.compiler_settings.h.55.412db3588640e7e83336e77c1cd11233
                           .group:00000000 wm4.console.h.56.f7177c8bb22e2442e73d175311cadce3
                           .group:00000000 wm4.r_task_priority.h.26.416bb98a222bf391200df359bd0318d1
                           .group:00000000 wm4.unistd.h.2.39165d5b7784d1815ef4b0c4be6df560
                           .group:00000000 wm4.unistd.h.170.da6e816043042c61475c2b1f58468b37

UNDEFINED SYMBOLS
R_SOUND_RecordSample
R_SOUND_PlaySample
