   1              		.cpu cortex-a9
   2              		.eabi_attribute 28, 1
   3              		.eabi_attribute 20, 1
   4              		.eabi_attribute 21, 1
   5              		.eabi_attribute 23, 3
   6              		.eabi_attribute 24, 1
   7              		.eabi_attribute 25, 1
   8              		.eabi_attribute 26, 1
   9              		.eabi_attribute 30, 1
  10              		.eabi_attribute 34, 0
  11              		.eabi_attribute 18, 4
  12              		.file	"r_intc_lld_rza2m_handler.c"
  13              		.text
  14              	.Ltext0:
  15              		.cfi_sections	.debug_frame
  16              		.section	.text.INTC_Handler_Interrupt,"ax",%progbits
  17              		.align	2
  18              		.global	INTC_Handler_Interrupt
  19              		.arch armv7-a
  20              		.arch_extension mp
  21              		.arch_extension sec
  22              		.syntax unified
  23              		.arm
  24              		.fpu neon
  26              	INTC_Handler_Interrupt:
  27              	.LVL0:
  28              	.LFB3:
  29              		.file 1 "../generate/drivers/r_intc/src/lld/r_intc_lld_rza2m_handler.c"
   1:../generate/drivers/r_intc/src/lld/r_intc_lld_rza2m_handler.c **** /*******************************************************************************
   2:../generate/drivers/r_intc/src/lld/r_intc_lld_rza2m_handler.c **** * DISCLAIMER
   3:../generate/drivers/r_intc/src/lld/r_intc_lld_rza2m_handler.c **** * This software is supplied by Renesas Electronics Corporation and is only
   4:../generate/drivers/r_intc/src/lld/r_intc_lld_rza2m_handler.c **** * intended for use with Renesas products. No other uses are authorized. This
   5:../generate/drivers/r_intc/src/lld/r_intc_lld_rza2m_handler.c **** * software is owned by Renesas Electronics Corporation and is protected under
   6:../generate/drivers/r_intc/src/lld/r_intc_lld_rza2m_handler.c **** * all applicable laws, including copyright laws.
   7:../generate/drivers/r_intc/src/lld/r_intc_lld_rza2m_handler.c **** * THIS SOFTWARE IS PROVIDED "AS IS" AND RENESAS MAKES NO WARRANTIES REGARDING
   8:../generate/drivers/r_intc/src/lld/r_intc_lld_rza2m_handler.c **** * THIS SOFTWARE, WHETHER EXPRESS, IMPLIED OR STATUTORY, INCLUDING BUT NOT
   9:../generate/drivers/r_intc/src/lld/r_intc_lld_rza2m_handler.c **** * LIMITED TO WARRANTIES OF MERCHANTABILITY, FITNESS FOR A PARTICULAR PURPOSE
  10:../generate/drivers/r_intc/src/lld/r_intc_lld_rza2m_handler.c **** * AND NON-INFRINGEMENT. ALL SUCH WARRANTIES ARE EXPRESSLY DISCLAIMED.
  11:../generate/drivers/r_intc/src/lld/r_intc_lld_rza2m_handler.c **** * TO THE MAXIMUM EXTENT PERMITTED NOT PROHIBITED BY LAW, NEITHER RENESAS
  12:../generate/drivers/r_intc/src/lld/r_intc_lld_rza2m_handler.c **** * ELECTRONICS CORPORATION NOR ANY OF ITS AFFILIATED COMPANIES SHALL BE LIABLE
  13:../generate/drivers/r_intc/src/lld/r_intc_lld_rza2m_handler.c **** * FOR ANY DIRECT, INDIRECT, SPECIAL, INCIDENTAL OR CONSEQUENTIAL DAMAGES FOR
  14:../generate/drivers/r_intc/src/lld/r_intc_lld_rza2m_handler.c **** * ANY REASON RELATED TO THIS SOFTWARE, EVEN IF RENESAS OR ITS AFFILIATES HAVE
  15:../generate/drivers/r_intc/src/lld/r_intc_lld_rza2m_handler.c **** * BEEN ADVISED OF THE POSSIBILITY OF SUCH DAMAGES.
  16:../generate/drivers/r_intc/src/lld/r_intc_lld_rza2m_handler.c **** * Renesas reserves the right, without notice, to make changes to this software
  17:../generate/drivers/r_intc/src/lld/r_intc_lld_rza2m_handler.c **** * and to discontinue the availability of this software. By using this software,
  18:../generate/drivers/r_intc/src/lld/r_intc_lld_rza2m_handler.c **** * you agree to the additional terms and conditions found by accessing the
  19:../generate/drivers/r_intc/src/lld/r_intc_lld_rza2m_handler.c **** * following link:
  20:../generate/drivers/r_intc/src/lld/r_intc_lld_rza2m_handler.c **** * http://www.renesas.com/disclaimer
  21:../generate/drivers/r_intc/src/lld/r_intc_lld_rza2m_handler.c **** * Copyright (C) 2018 Renesas Electronics Corporation. All rights reserved.
  22:../generate/drivers/r_intc/src/lld/r_intc_lld_rza2m_handler.c **** *******************************************************************************/
  23:../generate/drivers/r_intc/src/lld/r_intc_lld_rza2m_handler.c **** /*******************************************************************************
  24:../generate/drivers/r_intc/src/lld/r_intc_lld_rza2m_handler.c **** * File Name   : r_intc_lld_rza2m_handler.c
  25:../generate/drivers/r_intc/src/lld/r_intc_lld_rza2m_handler.c **** * Description : INTC Low layer driver interrupt handler
  26:../generate/drivers/r_intc/src/lld/r_intc_lld_rza2m_handler.c **** *******************************************************************************/
  27:../generate/drivers/r_intc/src/lld/r_intc_lld_rza2m_handler.c **** 
  28:../generate/drivers/r_intc/src/lld/r_intc_lld_rza2m_handler.c **** /******************************************************************************
  29:../generate/drivers/r_intc/src/lld/r_intc_lld_rza2m_handler.c **** Includes   <System Includes> , "Project Includes"
  30:../generate/drivers/r_intc/src/lld/r_intc_lld_rza2m_handler.c **** ******************************************************************************/
  31:../generate/drivers/r_intc/src/lld/r_intc_lld_rza2m_handler.c **** #include "r_intc_drv_link.h"
  32:../generate/drivers/r_intc/src/lld/r_intc_lld_rza2m_handler.c **** #include "compiler_settings.h"
  33:../generate/drivers/r_intc/src/lld/r_intc_lld_rza2m_handler.c **** #include "iodefine.h"
  34:../generate/drivers/r_intc/src/lld/r_intc_lld_rza2m_handler.c **** #include "r_intc_lld_rza2m_handler.h"
  35:../generate/drivers/r_intc/src/lld/r_intc_lld_rza2m_handler.c **** 
  36:../generate/drivers/r_intc/src/lld/r_intc_lld_rza2m_handler.c **** /******************************************************************************
  37:../generate/drivers/r_intc/src/lld/r_intc_lld_rza2m_handler.c **** Typedef definitions
  38:../generate/drivers/r_intc/src/lld/r_intc_lld_rza2m_handler.c **** ******************************************************************************/
  39:../generate/drivers/r_intc/src/lld/r_intc_lld_rza2m_handler.c **** 
  40:../generate/drivers/r_intc/src/lld/r_intc_lld_rza2m_handler.c **** 
  41:../generate/drivers/r_intc/src/lld/r_intc_lld_rza2m_handler.c **** /******************************************************************************
  42:../generate/drivers/r_intc/src/lld/r_intc_lld_rza2m_handler.c **** Macro definitions
  43:../generate/drivers/r_intc/src/lld/r_intc_lld_rza2m_handler.c **** ******************************************************************************/
  44:../generate/drivers/r_intc/src/lld/r_intc_lld_rza2m_handler.c **** 
  45:../generate/drivers/r_intc/src/lld/r_intc_lld_rza2m_handler.c **** /******************************************************************************
  46:../generate/drivers/r_intc/src/lld/r_intc_lld_rza2m_handler.c **** Imported global variables and functions (from other files)
  47:../generate/drivers/r_intc/src/lld/r_intc_lld_rza2m_handler.c **** ******************************************************************************/
  48:../generate/drivers/r_intc/src/lld/r_intc_lld_rza2m_handler.c **** 
  49:../generate/drivers/r_intc/src/lld/r_intc_lld_rza2m_handler.c **** 
  50:../generate/drivers/r_intc/src/lld/r_intc_lld_rza2m_handler.c **** /******************************************************************************
  51:../generate/drivers/r_intc/src/lld/r_intc_lld_rza2m_handler.c **** Exported global variables and functions (to be accessed by other files)
  52:../generate/drivers/r_intc/src/lld/r_intc_lld_rza2m_handler.c **** ******************************************************************************/
  53:../generate/drivers/r_intc/src/lld/r_intc_lld_rza2m_handler.c **** 
  54:../generate/drivers/r_intc/src/lld/r_intc_lld_rza2m_handler.c **** 
  55:../generate/drivers/r_intc/src/lld/r_intc_lld_rza2m_handler.c **** /******************************************************************************
  56:../generate/drivers/r_intc/src/lld/r_intc_lld_rza2m_handler.c **** Private global variables and functions
  57:../generate/drivers/r_intc/src/lld/r_intc_lld_rza2m_handler.c **** ******************************************************************************/
  58:../generate/drivers/r_intc/src/lld/r_intc_lld_rza2m_handler.c **** 
  59:../generate/drivers/r_intc/src/lld/r_intc_lld_rza2m_handler.c **** 
  60:../generate/drivers/r_intc/src/lld/r_intc_lld_rza2m_handler.c **** /******************************************************************************
  61:../generate/drivers/r_intc/src/lld/r_intc_lld_rza2m_handler.c **** * Function Name: INTC_Handler_Interrupt
  62:../generate/drivers/r_intc/src/lld/r_intc_lld_rza2m_handler.c **** * Description  : This function is the INTC interrupt handler processing called
  63:../generate/drivers/r_intc/src/lld/r_intc_lld_rza2m_handler.c **** *              : by the irq_handler. Executes the handler processing which
  64:../generate/drivers/r_intc/src/lld/r_intc_lld_rza2m_handler.c **** *              : corresponds to the INTC interrupt source ID specified by the
  65:../generate/drivers/r_intc/src/lld/r_intc_lld_rza2m_handler.c **** *              : icciar by calling the Userdef_INTC_HandlerExe function. The IRQ
  66:../generate/drivers/r_intc/src/lld/r_intc_lld_rza2m_handler.c **** *              : multiple interrupts are enabled. The processing for unsupported
  67:../generate/drivers/r_intc/src/lld/r_intc_lld_rza2m_handler.c **** *              : interrupt ID is executed by calling intc_undefined_id function.
  68:../generate/drivers/r_intc/src/lld/r_intc_lld_rza2m_handler.c **** *              : In the interrupt handler processing, when the int_sense shows
  69:../generate/drivers/r_intc/src/lld/r_intc_lld_rza2m_handler.c **** *              : "INTC_LEVEL_SENSITIVE", clear the interrupt source because it
  70:../generate/drivers/r_intc/src/lld/r_intc_lld_rza2m_handler.c **** *              : means a level sense interrupt.
  71:../generate/drivers/r_intc/src/lld/r_intc_lld_rza2m_handler.c **** * Arguments    : uint32_t icciar : Interrupt ID (value of ICCIAR register)
  72:../generate/drivers/r_intc/src/lld/r_intc_lld_rza2m_handler.c **** * Return Value : none
  73:../generate/drivers/r_intc/src/lld/r_intc_lld_rza2m_handler.c **** ******************************************************************************/
  74:../generate/drivers/r_intc/src/lld/r_intc_lld_rza2m_handler.c **** void INTC_Handler_Interrupt(uint32_t icciar)
  75:../generate/drivers/r_intc/src/lld/r_intc_lld_rza2m_handler.c **** {
  30              		.loc 1 75 1 view -0
  31              		.cfi_startproc
  32              		@ args = 0, pretend = 0, frame = 0
  33              		@ frame_needed = 0, uses_anonymous_args = 0
  34              		.loc 1 75 1 is_stmt 0 view .LVU1
  35 0000 70402DE9 		push	{r4, r5, r6, lr}
  36              		.cfi_def_cfa_offset 16
  37              		.cfi_offset 4, -16
  38              		.cfi_offset 5, -12
  39              		.cfi_offset 6, -8
  40              		.cfi_offset 14, -4
  76:../generate/drivers/r_intc/src/lld/r_intc_lld_rza2m_handler.c ****     /* Stacks are restored by ASM with the top level to correspond to multiple interrupts */
  77:../generate/drivers/r_intc/src/lld/r_intc_lld_rza2m_handler.c ****     uint32_t mask;
  41              		.loc 1 77 5 is_stmt 1 view .LVU2
  78:../generate/drivers/r_intc/src/lld/r_intc_lld_rza2m_handler.c ****     uint32_t int_sense;
  42              		.loc 1 78 5 view .LVU3
  79:../generate/drivers/r_intc/src/lld/r_intc_lld_rza2m_handler.c ****     uint16_t int_id;
  43              		.loc 1 79 5 view .LVU4
  80:../generate/drivers/r_intc/src/lld/r_intc_lld_rza2m_handler.c ****     uint32_t volatile * p_addr;
  44              		.loc 1 80 5 view .LVU5
  81:../generate/drivers/r_intc/src/lld/r_intc_lld_rza2m_handler.c **** 
  82:../generate/drivers/r_intc/src/lld/r_intc_lld_rza2m_handler.c ****     /* Obtain interrupt ID */
  83:../generate/drivers/r_intc/src/lld/r_intc_lld_rza2m_handler.c ****     int_id = (uint16_t)(icciar & 0x000003FFuL);
  45              		.loc 1 83 5 view .LVU6
  46              		.loc 1 83 12 is_stmt 0 view .LVU7
  47 0004 5050E9E7 		ubfx	r5, r0, #0, #10
  48              	.LVL1:
  84:../generate/drivers/r_intc/src/lld/r_intc_lld_rza2m_handler.c **** 
  85:../generate/drivers/r_intc/src/lld/r_intc_lld_rza2m_handler.c ****     if (int_id >= INTC_GIC_ID_TOTAL)    /* In case of unsupported interrupt ID */
  49              		.loc 1 85 5 is_stmt 1 view .LVU8
  50              		.loc 1 85 8 is_stmt 0 view .LVU9
  51 0008 020C10E3 		tst	r0, #512
  52 000c 1800001A 		bne	.L9
  53 0010 7040FFE6 		uxth	r4, r0
  86:../generate/drivers/r_intc/src/lld/r_intc_lld_rza2m_handler.c ****     {
  87:../generate/drivers/r_intc/src/lld/r_intc_lld_rza2m_handler.c ****         Userdef_INTC_UndefId(int_id);
  88:../generate/drivers/r_intc/src/lld/r_intc_lld_rza2m_handler.c ****         return;
  89:../generate/drivers/r_intc/src/lld/r_intc_lld_rza2m_handler.c ****     }
  90:../generate/drivers/r_intc/src/lld/r_intc_lld_rza2m_handler.c **** 
  91:../generate/drivers/r_intc/src/lld/r_intc_lld_rza2m_handler.c ****     /* ==== Interrupt handler call ==== */
  92:../generate/drivers/r_intc/src/lld/r_intc_lld_rza2m_handler.c ****     __enable_irq();         /* IRQ interrupt enabled */
  54              		.loc 1 92 5 is_stmt 1 view .LVU10
  55 0014 FEFFFFEB 		bl	__enable_irq
  56              	.LVL2:
  93:../generate/drivers/r_intc/src/lld/r_intc_lld_rza2m_handler.c **** 
  94:../generate/drivers/r_intc/src/lld/r_intc_lld_rza2m_handler.c ****     /* ICDICFRn has 16 sources in the 32 bits                                  */
  95:../generate/drivers/r_intc/src/lld/r_intc_lld_rza2m_handler.c ****     /* The n can be calculated by int_id / 16                                  */
  96:../generate/drivers/r_intc/src/lld/r_intc_lld_rza2m_handler.c ****     /* The upper 1 bit out of 2 bits for the bit field width is the target bit */
  97:../generate/drivers/r_intc/src/lld/r_intc_lld_rza2m_handler.c ****     /* The target bit can be calculated by ((int_id % 16) * 2) + 1             */
  98:../generate/drivers/r_intc/src/lld/r_intc_lld_rza2m_handler.c ****     p_addr = (volatile uint32_t *)&INTC.GICD_ICFGR0;
  57              		.loc 1 98 5 view .LVU11
  99:../generate/drivers/r_intc/src/lld/r_intc_lld_rza2m_handler.c ****     mask = 1u << (((int_id % 16u) * 2u) + 1u);
  58              		.loc 1 99 5 view .LVU12
  59              		.loc 1 99 28 is_stmt 0 view .LVU13
  60 0018 0F3004E2 		and	r3, r4, #15
  61              		.loc 1 99 35 view .LVU14
  62 001c 8330A0E1 		lsl	r3, r3, #1
  63              		.loc 1 99 41 view .LVU15
  64 0020 013083E2 		add	r3, r3, #1
  65              		.loc 1 99 10 view .LVU16
  66 0024 0140A0E3 		mov	r4, #1
  67              	.LVL3:
 100:../generate/drivers/r_intc/src/lld/r_intc_lld_rza2m_handler.c ****     if (0 == ((*(p_addr + (int_id / 16u))) & mask))  /* In the case of level sense */
  68              		.loc 1 100 5 is_stmt 1 view .LVU17
  69              		.loc 1 100 35 is_stmt 0 view .LVU18
  70 0028 2512A0E1 		lsr	r1, r5, #4
  71              		.loc 1 100 25 view .LVU19
  72 002c 072BA0E3 		mov	r2, #7168
  73 0030 22284EE3 		movt	r2, 59426
  74              		.loc 1 100 16 view .LVU20
  75 0034 012192E7 		ldr	r2, [r2, r1, lsl #2]
  76              		.loc 1 100 8 view .LVU21
  77 0038 144312E0 		ands	r4, r2, r4, lsl r3
  78              	.LVL4:
  79              		.loc 1 100 8 view .LVU22
 101:../generate/drivers/r_intc/src/lld/r_intc_lld_rza2m_handler.c ****     {
 102:../generate/drivers/r_intc/src/lld/r_intc_lld_rza2m_handler.c ****         int_sense = INT_SENSE_LEVEL;
 103:../generate/drivers/r_intc/src/lld/r_intc_lld_rza2m_handler.c ****     }
 104:../generate/drivers/r_intc/src/lld/r_intc_lld_rza2m_handler.c ****     else                                        /* In the case of edge trigger */
 105:../generate/drivers/r_intc/src/lld/r_intc_lld_rza2m_handler.c ****     {
 106:../generate/drivers/r_intc/src/lld/r_intc_lld_rza2m_handler.c ****         int_sense = INT_SENSE_EDGE;
  80              		.loc 1 106 19 view .LVU23
  81 003c 0140A013 		movne	r4, #1
  82              	.LVL5:
  83              	.L4:
 107:../generate/drivers/r_intc/src/lld/r_intc_lld_rza2m_handler.c ****     }
 108:../generate/drivers/r_intc/src/lld/r_intc_lld_rza2m_handler.c **** 
 109:../generate/drivers/r_intc/src/lld/r_intc_lld_rza2m_handler.c ****     Userdef_INTC_Pre_Interrupt(int_id);         /* Call pre_interrupt handler */
  84              		.loc 1 109 5 is_stmt 1 view .LVU24
  85 0040 0500A0E1 		mov	r0, r5
  86 0044 FEFFFFEB 		bl	Userdef_INTC_Pre_Interrupt
  87              	.LVL6:
 110:../generate/drivers/r_intc/src/lld/r_intc_lld_rza2m_handler.c ****     if(NULL != g_intc_func_table[int_id])
  88              		.loc 1 110 5 view .LVU25
  89              		.loc 1 110 33 is_stmt 0 view .LVU26
  90 0048 003000E3 		movw	r3, #:lower16:g_intc_func_table
  91 004c 003040E3 		movt	r3, #:upper16:g_intc_func_table
  92 0050 053193E7 		ldr	r3, [r3, r5, lsl #2]
  93              		.loc 1 110 7 view .LVU27
  94 0054 000053E3 		cmp	r3, #0
  95 0058 0800000A 		beq	.L5
 111:../generate/drivers/r_intc/src/lld/r_intc_lld_rza2m_handler.c ****     {
 112:../generate/drivers/r_intc/src/lld/r_intc_lld_rza2m_handler.c ****         g_intc_func_table[int_id](int_sense);     /* Call interrupt handler */
  96              		.loc 1 112 9 is_stmt 1 view .LVU28
  97 005c 0400A0E1 		mov	r0, r4
  98 0060 33FF2FE1 		blx	r3
  99              	.LVL7:
 100              	.L6:
 113:../generate/drivers/r_intc/src/lld/r_intc_lld_rza2m_handler.c ****     }
 114:../generate/drivers/r_intc/src/lld/r_intc_lld_rza2m_handler.c ****     else
 115:../generate/drivers/r_intc/src/lld/r_intc_lld_rza2m_handler.c ****     {
 116:../generate/drivers/r_intc/src/lld/r_intc_lld_rza2m_handler.c ****         Userdef_INTC_UnregisteredID(int_id);    /* Call default handler */
 117:../generate/drivers/r_intc/src/lld/r_intc_lld_rza2m_handler.c ****     }
 118:../generate/drivers/r_intc/src/lld/r_intc_lld_rza2m_handler.c ****     Userdef_INTC_Post_Interrupt(int_id);        /* Call post_interrupt handler */
 101              		.loc 1 118 5 view .LVU29
 102 0064 0500A0E1 		mov	r0, r5
 103 0068 FEFFFFEB 		bl	Userdef_INTC_Post_Interrupt
 104              	.LVL8:
 119:../generate/drivers/r_intc/src/lld/r_intc_lld_rza2m_handler.c **** 
 120:../generate/drivers/r_intc/src/lld/r_intc_lld_rza2m_handler.c ****     __disable_irq();        /* IRQ interrupt disabled */
 105              		.loc 1 120 5 view .LVU30
 106 006c FEFFFFEB 		bl	__disable_irq
 107              	.LVL9:
 121:../generate/drivers/r_intc/src/lld/r_intc_lld_rza2m_handler.c **** }
 108              		.loc 1 121 1 is_stmt 0 view .LVU31
 109 0070 7080BDE8 		pop	{r4, r5, r6, pc}
 110              	.LVL10:
 111              	.L9:
  87:../generate/drivers/r_intc/src/lld/r_intc_lld_rza2m_handler.c ****         return;
 112              		.loc 1 87 9 is_stmt 1 view .LVU32
 113 0074 0500A0E1 		mov	r0, r5
 114              	.LVL11:
  87:../generate/drivers/r_intc/src/lld/r_intc_lld_rza2m_handler.c ****         return;
 115              		.loc 1 87 9 is_stmt 0 view .LVU33
 116 0078 FEFFFFEB 		bl	Userdef_INTC_UndefId
 117              	.LVL12:
  88:../generate/drivers/r_intc/src/lld/r_intc_lld_rza2m_handler.c ****     }
 118              		.loc 1 88 9 is_stmt 1 view .LVU34
 119 007c 7080BDE8 		pop	{r4, r5, r6, pc}
 120              	.LVL13:
 121              	.L5:
 116:../generate/drivers/r_intc/src/lld/r_intc_lld_rza2m_handler.c ****     }
 122              		.loc 1 116 9 view .LVU35
 123 0080 0500A0E1 		mov	r0, r5
 124 0084 FEFFFFEB 		bl	Userdef_INTC_UnregisteredID
 125              	.LVL14:
 126 0088 F5FFFFEA 		b	.L6
 127              		.cfi_endproc
 128              	.LFE3:
 130              		.section	.text.NMI_Handler_Interrupt,"ax",%progbits
 131              		.align	2
 132              		.global	NMI_Handler_Interrupt
 133              		.syntax unified
 134              		.arm
 135              		.fpu neon
 137              	NMI_Handler_Interrupt:
 138              	.LFB4:
 122:../generate/drivers/r_intc/src/lld/r_intc_lld_rza2m_handler.c **** /******************************************************************************
 123:../generate/drivers/r_intc/src/lld/r_intc_lld_rza2m_handler.c ****  * End of function INTC_Handler_Interrupt
 124:../generate/drivers/r_intc/src/lld/r_intc_lld_rza2m_handler.c ****  ******************************************************************************/
 125:../generate/drivers/r_intc/src/lld/r_intc_lld_rza2m_handler.c **** 
 126:../generate/drivers/r_intc/src/lld/r_intc_lld_rza2m_handler.c **** /******************************************************************************
 127:../generate/drivers/r_intc/src/lld/r_intc_lld_rza2m_handler.c **** * Function Name: NMI_Handler_Interrupt
 128:../generate/drivers/r_intc/src/lld/r_intc_lld_rza2m_handler.c **** * Description  : This function is the NMI interrupt handler called by
 129:../generate/drivers/r_intc/src/lld/r_intc_lld_rza2m_handler.c **** *                irqfiq_handler.asm.
 130:../generate/drivers/r_intc/src/lld/r_intc_lld_rza2m_handler.c **** * Arguments    : none
 131:../generate/drivers/r_intc/src/lld/r_intc_lld_rza2m_handler.c **** * Return Value : none
 132:../generate/drivers/r_intc/src/lld/r_intc_lld_rza2m_handler.c **** ******************************************************************************/
 133:../generate/drivers/r_intc/src/lld/r_intc_lld_rza2m_handler.c **** void NMI_Handler_Interrupt(void)
 134:../generate/drivers/r_intc/src/lld/r_intc_lld_rza2m_handler.c **** {
 139              		.loc 1 134 1 view -0
 140              		.cfi_startproc
 141              		@ args = 0, pretend = 0, frame = 0
 142              		@ frame_needed = 0, uses_anonymous_args = 0
 143 0000 10402DE9 		push	{r4, lr}
 144              		.cfi_def_cfa_offset 8
 145              		.cfi_offset 4, -8
 146              		.cfi_offset 14, -4
 135:../generate/drivers/r_intc/src/lld/r_intc_lld_rza2m_handler.c ****     if(NULL != g_intc_func_table[INTC_VID_NMI])
 147              		.loc 1 135 5 view .LVU37
 148              		.loc 1 135 33 is_stmt 0 view .LVU38
 149 0004 003000E3 		movw	r3, #:lower16:g_intc_func_table
 150 0008 003040E3 		movt	r3, #:upper16:g_intc_func_table
 151 000c 003893E5 		ldr	r3, [r3, #2048]
 152              		.loc 1 135 7 view .LVU39
 153 0010 000053E3 		cmp	r3, #0
 154 0014 0700000A 		beq	.L11
 136:../generate/drivers/r_intc/src/lld/r_intc_lld_rza2m_handler.c ****     {
 137:../generate/drivers/r_intc/src/lld/r_intc_lld_rza2m_handler.c ****         g_intc_func_table[INTC_VID_NMI](INT_SENSE_EDGE);     /* Call interrupt handler */
 155              		.loc 1 137 9 is_stmt 1 view .LVU40
 156 0018 0100A0E3 		mov	r0, #1
 157 001c 33FF2FE1 		blx	r3
 158              	.LVL15:
 159              	.L12:
 138:../generate/drivers/r_intc/src/lld/r_intc_lld_rza2m_handler.c ****     }
 139:../generate/drivers/r_intc/src/lld/r_intc_lld_rza2m_handler.c ****     else
 140:../generate/drivers/r_intc/src/lld/r_intc_lld_rza2m_handler.c ****     {
 141:../generate/drivers/r_intc/src/lld/r_intc_lld_rza2m_handler.c ****         Userdef_INTC_UnregisteredID(INTC_VID_NMI);    /* Call default handler */
 142:../generate/drivers/r_intc/src/lld/r_intc_lld_rza2m_handler.c ****     }
 143:../generate/drivers/r_intc/src/lld/r_intc_lld_rza2m_handler.c **** 
 144:../generate/drivers/r_intc/src/lld/r_intc_lld_rza2m_handler.c ****     /* clear NMIF register */
 145:../generate/drivers/r_intc/src/lld/r_intc_lld_rza2m_handler.c ****     INTC.ICR0.BIT.NMIF = 0;
 160              		.loc 1 145 5 view .LVU41
 161              		.loc 1 145 24 is_stmt 0 view .LVU42
 162 0020 3E2BA0E3 		mov	r2, #63488
 163 0024 FE2C4FE3 		movt	r2, 64766
 164 0028 B030D2E1 		ldrh	r3, [r2]
 165 002c 9F30C1E7 		bfc	r3, #1, #1
 166 0030 B030C2E1 		strh	r3, [r2]	@ movhi
 146:../generate/drivers/r_intc/src/lld/r_intc_lld_rza2m_handler.c **** }
 167              		.loc 1 146 1 view .LVU43
 168 0034 1080BDE8 		pop	{r4, pc}
 169              	.L11:
 141:../generate/drivers/r_intc/src/lld/r_intc_lld_rza2m_handler.c ****     }
 170              		.loc 1 141 9 is_stmt 1 view .LVU44
 171 0038 020CA0E3 		mov	r0, #512
 172 003c FEFFFFEB 		bl	Userdef_INTC_UnregisteredID
 173              	.LVL16:
 174 0040 F6FFFFEA 		b	.L12
 175              		.cfi_endproc
 176              	.LFE4:
 178              		.text
 179              	.Letext0:
 180              		.file 2 "c:\\program files (x86)\\gnu arm embedded toolchain\\9 2020-q2-update\\arm-none-eabi\\inc
 181              		.file 3 "c:\\program files (x86)\\gnu arm embedded toolchain\\9 2020-q2-update\\arm-none-eabi\\inc
 182              		.file 4 "c:\\program files (x86)\\gnu arm embedded toolchain\\9 2020-q2-update\\lib\\gcc\\arm-none
 183              		.file 5 "c:\\program files (x86)\\gnu arm embedded toolchain\\9 2020-q2-update\\arm-none-eabi\\inc
 184              		.file 6 "c:\\program files (x86)\\gnu arm embedded toolchain\\9 2020-q2-update\\arm-none-eabi\\inc
 185              		.file 7 "c:\\program files (x86)\\gnu arm embedded toolchain\\9 2020-q2-update\\arm-none-eabi\\inc
 186              		.file 8 "c:\\program files (x86)\\gnu arm embedded toolchain\\9 2020-q2-update\\arm-none-eabi\\inc
 187              		.file 9 "C:/Users/ryota/e2_studio/workspace/rza2m_ssif_sample_freertos_gcc/generate/system/inc/r_t
 188              		.file 10 "C:/Users/ryota/e2_studio/workspace/rza2m_ssif_sample_freertos_gcc/generate/system/inc/dr
 189              		.file 11 "C:/Users/ryota/e2_studio/workspace/rza2m_ssif_sample_freertos_gcc/generate/drivers/r_int
 190              		.file 12 "C:/Users/ryota/e2_studio/workspace/rza2m_ssif_sample_freertos_gcc/generate/os_abstractio
 191              		.file 13 "C:/Users/ryota/e2_studio/workspace/rza2m_ssif_sample_freertos_gcc/generate/system/iodefi
 192              		.file 14 "C:/Users/ryota/e2_studio/workspace/rza2m_ssif_sample_freertos_gcc/generate/compiler/inc/
DEFINED SYMBOLS
                            *ABS*:00000000 r_intc_lld_rza2m_handler.c
C:\Users\ryota\AppData\Local\Temp\ccczDn3F.s:17     .text.INTC_Handler_Interrupt:00000000 $a
C:\Users\ryota\AppData\Local\Temp\ccczDn3F.s:26     .text.INTC_Handler_Interrupt:00000000 INTC_Handler_Interrupt
C:\Users\ryota\AppData\Local\Temp\ccczDn3F.s:131    .text.NMI_Handler_Interrupt:00000000 $a
C:\Users\ryota\AppData\Local\Temp\ccczDn3F.s:137    .text.NMI_Handler_Interrupt:00000000 NMI_Handler_Interrupt
                           .group:00000000 wm4.0.3d5c910ebb40df6df78b28e37cd67f3d
                           .group:00000000 wm4.stddef.h.39.144cf5ddcd53cbfdac30259dc1a6c87f
                           .group:00000000 wm4._newlib_version.h.4.1ef4e12f167f8b69d7c30054be56050d
                           .group:00000000 wm4.features.h.33.318b64d71e0957639cfb30f1db1f7ec8
                           .group:00000000 wm4._default_types.h.15.247e5cd201eca3442cbf5404108c4935
                           .group:00000000 wm4._intsup.h.10.48bafbb683905c4daa4565a85aeeb264
                           .group:00000000 wm4._stdint.h.10.c24fa3af3bc1706662bb5593a907e841
                           .group:00000000 wm4.stdint.h.23.d53047a68f4a85177f80b422d52785ed
                           .group:00000000 wm4.newlib.h.8.7cb3972cd43265932d4782d5eb589854
                           .group:00000000 wm4.ieeefp.h.77.3f06799abf5dd88bdddee084775a1223
                           .group:00000000 wm4.config.h.224.c701144a7b0518c6ee9b9b5465b79f81
                           .group:00000000 wm4._ansi.h.31.de524f58584151836e90d8620a16f8e8
                           .group:00000000 wm4._types.h.20.dd0d04dca3800a0d2a6129b87f3adbb2
                           .group:00000000 wm4.stddef.h.155.3588ebfdd1e8c7ede80509bb9c3b8009
                           .group:00000000 wm4._types.h.127.34941de1b2539d59d5cac00e0dd27a45
                           .group:00000000 wm4.reent.h.17.e292bf8b0bec6c96e131a54347145a30
                           .group:00000000 wm4.lock.h.2.1461d1fff82dffe8bfddc23307f6484f
                           .group:00000000 wm4.reent.h.77.dcd6129ff07fe81bd5636db29abe53b2
                           .group:00000000 wm4.cdefs.h.49.6260d97adb8d27534cbdc0f868b8ea87
                           .group:00000000 wm4.math.h.13.97100c05caf9f40dd9f5a3cda48ccc01
                           .group:00000000 wm4.r_typedefs.h.38.e90d9de5300d9ae020e5db8c5af88b3e
                           .group:00000000 wm4.driver.h.34.180df73e0731406f5e50150641059ede
                           .group:00000000 wm4.r_intc_lld_rza2m.h.35.148dee33e6a963828fdce2545668b517
                           .group:00000000 wm4.r_startup_config.h.28.41a2bd9676f9208cac4163ceb2eb9006
                           .group:00000000 wm4.r_compiler_abstraction_api.h.26.bb21b39b83806cb7bb8838b6f825dcff
                           .group:00000000 wm4.r_os_abstraction_api.h.60.0331cc3a2f471de784d61b225d2e9127
                           .group:00000000 wm4.compiler_settings.h.55.412db3588640e7e83336e77c1cd11233
                           .group:00000000 wm4.adc_iodefine.h.29.14c6f50dce37432a7d004e4b1ce33da7
                           .group:00000000 wm4.bsc_iodefine.h.29.9281d1f3639266933964d6d0c2d42c4f
                           .group:00000000 wm4.ceu_iodefine.h.29.2a669d0b46fdde030a50db9e3c307fbf
                           .group:00000000 wm4.cpg_iodefine.h.29.d6fdc9cb4798723afd88b251d64c2ce2
                           .group:00000000 wm4.csi2link_iodefine.h.29.221c4531636a409f24d307b16341ada8
                           .group:00000000 wm4.dmac_iodefine.h.29.578fccc2cc1da886ec95a029bf874f01
                           .group:00000000 wm4.drpk_iodefine.h.29.580eb8588a2b2d43d2726fbe791e513f
                           .group:00000000 wm4.drw_iodefine.h.29.df30f4a4a34a79f6a86c4df91353dffe
                           .group:00000000 wm4.edmac_iodefine.h.29.33e8759349004a722f42f5429c1353f6
                           .group:00000000 wm4.eptpc_iodefine.h.29.74d8f9fab0f5549b56097fb9e937dde8
                           .group:00000000 wm4.etherc_iodefine.h.29.14602750383a574f1c21f994ad33a366
                           .group:00000000 wm4.gpio_iodefine.h.29.3d0b021c56839cee4ae5149903684e4b
                           .group:00000000 wm4.gpt_iodefine.h.29.557ead75d7b0585b898d3898b64c7f87
                           .group:00000000 wm4.hyper_iodefine.h.29.000caadbb74d881e97db55b39b432154
                           .group:00000000 wm4.imr_iodefine.h.29.77c022f017e711c4d51cc0145db1dad3
                           .group:00000000 wm4.intc_iodefine.h.29.b68f5799a35a7495d63b4cd458e1ba57
                           .group:00000000 wm4.irda_iodefine.h.29.37e67bd2005173d68a74d1cc937d8444
                           .group:00000000 wm4.jcu_iodefine.h.29.3aca452908962e7a7ccf26164751feda
                           .group:00000000 wm4.lvds_iodefine.h.29.c11cbe1900e5209c8dcc76c2336c16bc
                           .group:00000000 wm4.mtu_iodefine.h.29.5498fb974bb53caf05aa143c2deec781
                           .group:00000000 wm4.nandc_iodefine.h.29.e0b343306750f017ee86e169ad98efe9
                           .group:00000000 wm4.octa_iodefine.h.29.4cb0d62e4b9633e173858000dc1c626c
                           .group:00000000 wm4.ostm_iodefine.h.29.6914f7e330a1cf0008b34219adcdfed4
                           .group:00000000 wm4.pl_iodefine.h.29.abbb6d725aed990aa8343242bfe31416
                           .group:00000000 wm4.pmg_iodefine.h.29.8bcfbc4771a6f9b7dd4d6f504427219e
                           .group:00000000 wm4.poeg_iodefine.h.29.0d8e258d10986260cbc70cfb8c0ef273
                           .group:00000000 wm4.poe_iodefine.h.29.fe74e55e7b6b4afbe3596c74ba035e98
                           .group:00000000 wm4.prr_iodefine.h.29.c1f15576f7a27b9c83aa3b40f5b2f988
                           .group:00000000 wm4.ptpedmac_iodefine.h.29.cd24a93374ce35cebc41e26889d619ef
                           .group:00000000 wm4.rcanfd_iodefine.h.29.532dd48b82fcb61d63538aba4b6f1289
                           .group:00000000 wm4.rcan_iodefine.h.29.a47a89db1b35c12b54af48fa1956acba
                           .group:00000000 wm4.riic_iodefine.h.29.f96943d49800d297612c4af3bba5c943
                           .group:00000000 wm4.rspi_iodefine.h.29.7efa041fe34a7d27db66a7b337879dfe
                           .group:00000000 wm4.rtc_iodefine.h.29.6dc76be5ca3df69cecb5a81d06cc46b5
                           .group:00000000 wm4.scifa_iodefine.h.29.b04ccd664d71baaf31c75761c45b9c4d
                           .group:00000000 wm4.scim_iodefine.h.29.87d0760abf94446b00d826c797bf0ff2
                           .group:00000000 wm4.sdmmc_iodefine.h.29.e67e9815445e8057a3262d1566bea0db
                           .group:00000000 wm4.spdif_iodefine.h.29.59f5d70150fa200a4d8ee50be1ee34c8
                           .group:00000000 wm4.spibsc_iodefine.h.29.f4930f8b8da1140200204513a363c76f
                           .group:00000000 wm4.sprite_iodefine.h.29.55796d1fa083a2457fea4ece974a192e
                           .group:00000000 wm4.ssif_iodefine.h.29.054ec6d95f487f631f16aee39c85c47a
                           .group:00000000 wm4.usb_iodefine.h.29.6dc44ea388ba227e8fdcfb33c315887b
                           .group:00000000 wm4.vdc_iodefine.h.29.db282ded1f052d8567fbbd3b61ce8f7a
                           .group:00000000 wm4.vin_iodefine.h.29.9b392e5601347d53e64be3272934e170
                           .group:00000000 wm4.wdt_iodefine.h.29.ed07bb44b797072f8c28b41c64fdca30

UNDEFINED SYMBOLS
__enable_irq
Userdef_INTC_Pre_Interrupt
g_intc_func_table
Userdef_INTC_Post_Interrupt
__disable_irq
Userdef_INTC_UndefId
Userdef_INTC_UnregisteredID
