   1              		.cpu cortex-a9
   2              		.eabi_attribute 28, 1
   3              		.eabi_attribute 20, 1
   4              		.eabi_attribute 21, 1
   5              		.eabi_attribute 23, 3
   6              		.eabi_attribute 24, 1
   7              		.eabi_attribute 25, 1
   8              		.eabi_attribute 26, 1
   9              		.eabi_attribute 30, 1
  10              		.eabi_attribute 34, 0
  11              		.eabi_attribute 18, 4
  12              		.file	"sections.c"
  13              		.text
  14              	.Ltext0:
  15              		.cfi_sections	.debug_frame
  16              		.global	BTBL_F2
  17              		.global	DTBL_F2
  18              		.global	BTBL_F
  19              		.global	DTBL_F
  20              		.global	BTBL
  21              		.global	DTBL
  22              		.section	.rodata.BTBL,"a"
  23              		.align	2
  26              	BTBL:
  27 0000 00000000 		.word	__bss_start
  28 0004 00000000 		.word	__bss_end
  29 0008 00000000 		.word	__bss2_start
  30 000c 00000000 		.word	__bss2_end
  31 0010 00000000 		.word	__uncached_RAM_start
  32 0014 00000000 		.word	__uncached_RAM_end
  33 0018 00000000 		.word	0
  34 001c 00000000 		.word	0
  35              		.section	.rodata.BTBL_F,"a"
  36              		.align	2
  39              	BTBL_F:
  40 0000 00000000 		.word	__module3_exec_start
  41 0004 00000000 		.word	__module3_exec_end
  42 0008 00000000 		.word	0
  43 000c 00000000 		.word	0
  44              		.section	.rodata.BTBL_F2,"a"
  45              		.align	2
  48              	BTBL_F2:
  49 0000 00000000 		.word	__bss_memclk_setup_start
  50 0004 00000000 		.word	__bss_memclk_setup_end
  51 0008 00000000 		.word	0
  52 000c 00000000 		.word	0
  53              		.section	.rodata.DTBL,"a"
  54              		.align	2
  57              	DTBL:
  58 0000 00000000 		.word	__vect_load_start
  59 0004 00000000 		.word	__vect_load_end
  60 0008 00000000 		.word	__vect_exec_start
  61 000c 00000000 		.word	__fastcode_load_start
  62 0010 00000000 		.word	__fastcode_load_end
  63 0014 00000000 		.word	__fastcode_exec_start
  64 0018 00000000 		.word	__data_load_start
  65 001c 00000000 		.word	__data_load_end
  66 0020 00000000 		.word	__data_exec_start
  67 0024 00000000 		.word	__data2_load_start
  68 0028 00000000 		.word	__data2_load_end
  69 002c 00000000 		.word	__data2_exec_start
  70 0030 00000000 		.word	__uncached_RAM2_load_start
  71 0034 00000000 		.word	__uncached_RAM2_load_end
  72 0038 00000000 		.word	__uncached_RAM2_exec_start
  73 003c 00000000 		.word	0
  74 0040 00000000 		.word	0
  75 0044 00000000 		.word	0
  76              		.section	.rodata.DTBL_F,"a"
  77              		.align	2
  80              	DTBL_F:
  81 0000 00000000 		.word	__module2_load_start
  82 0004 00000000 		.word	__module2_load_end
  83 0008 00000000 		.word	__module2_exec_start
  84 000c 00000000 		.word	0
  85 0010 00000000 		.word	0
  86 0014 00000000 		.word	0
  87              		.section	.rodata.DTBL_F2,"a"
  88              		.align	2
  91              	DTBL_F2:
  92 0000 00000000 		.word	__data_memclk_setup_load_start
  93 0004 00000000 		.word	__data_memclk_setup_load_end
  94 0008 00000000 		.word	__data_memclk_setup_exec_start
  95 000c 00000000 		.word	0
  96 0010 00000000 		.word	0
  97 0014 00000000 		.word	0
  98              		.text
  99              	.Letext0:
 100              		.file 1 "c:\\program files (x86)\\gnu arm embedded toolchain\\9 2020-q2-update\\arm-none-eabi\\inc
 101              		.file 2 "c:\\program files (x86)\\gnu arm embedded toolchain\\9 2020-q2-update\\arm-none-eabi\\inc
 102              		.file 3 "c:\\program files (x86)\\gnu arm embedded toolchain\\9 2020-q2-update\\lib\\gcc\\arm-none
 103              		.file 4 "c:\\program files (x86)\\gnu arm embedded toolchain\\9 2020-q2-update\\arm-none-eabi\\inc
 104              		.file 5 "c:\\program files (x86)\\gnu arm embedded toolchain\\9 2020-q2-update\\arm-none-eabi\\inc
 105              		.file 6 "c:\\program files (x86)\\gnu arm embedded toolchain\\9 2020-q2-update\\arm-none-eabi\\inc
 106              		.file 7 "c:\\program files (x86)\\gnu arm embedded toolchain\\9 2020-q2-update\\arm-none-eabi\\inc
 107              		.file 8 "../generate/compiler/init/sections.c"
DEFINED SYMBOLS
                            *ABS*:00000000 sections.c
C:\Users\ryota\AppData\Local\Temp\ccY6y1Ls.s:48     .rodata.BTBL_F2:00000000 BTBL_F2
C:\Users\ryota\AppData\Local\Temp\ccY6y1Ls.s:91     .rodata.DTBL_F2:00000000 DTBL_F2
C:\Users\ryota\AppData\Local\Temp\ccY6y1Ls.s:39     .rodata.BTBL_F:00000000 BTBL_F
C:\Users\ryota\AppData\Local\Temp\ccY6y1Ls.s:80     .rodata.DTBL_F:00000000 DTBL_F
C:\Users\ryota\AppData\Local\Temp\ccY6y1Ls.s:26     .rodata.BTBL:00000000 BTBL
C:\Users\ryota\AppData\Local\Temp\ccY6y1Ls.s:57     .rodata.DTBL:00000000 DTBL
C:\Users\ryota\AppData\Local\Temp\ccY6y1Ls.s:23     .rodata.BTBL:00000000 $d
C:\Users\ryota\AppData\Local\Temp\ccY6y1Ls.s:36     .rodata.BTBL_F:00000000 $d
C:\Users\ryota\AppData\Local\Temp\ccY6y1Ls.s:45     .rodata.BTBL_F2:00000000 $d
C:\Users\ryota\AppData\Local\Temp\ccY6y1Ls.s:54     .rodata.DTBL:00000000 $d
C:\Users\ryota\AppData\Local\Temp\ccY6y1Ls.s:77     .rodata.DTBL_F:00000000 $d
C:\Users\ryota\AppData\Local\Temp\ccY6y1Ls.s:88     .rodata.DTBL_F2:00000000 $d
                           .group:00000000 wm4.0.3d5c910ebb40df6df78b28e37cd67f3d
                           .group:00000000 wm4.stddef.h.39.144cf5ddcd53cbfdac30259dc1a6c87f
                           .group:00000000 wm4._newlib_version.h.4.1ef4e12f167f8b69d7c30054be56050d
                           .group:00000000 wm4.features.h.33.318b64d71e0957639cfb30f1db1f7ec8
                           .group:00000000 wm4._default_types.h.15.247e5cd201eca3442cbf5404108c4935
                           .group:00000000 wm4._intsup.h.10.48bafbb683905c4daa4565a85aeeb264
                           .group:00000000 wm4._stdint.h.10.c24fa3af3bc1706662bb5593a907e841
                           .group:00000000 wm4.stdint.h.23.d53047a68f4a85177f80b422d52785ed
                           .group:00000000 wm4.newlib.h.8.7cb3972cd43265932d4782d5eb589854
                           .group:00000000 wm4.ieeefp.h.77.3f06799abf5dd88bdddee084775a1223
                           .group:00000000 wm4.config.h.224.c701144a7b0518c6ee9b9b5465b79f81
                           .group:00000000 wm4._ansi.h.31.de524f58584151836e90d8620a16f8e8
                           .group:00000000 wm4._types.h.20.dd0d04dca3800a0d2a6129b87f3adbb2
                           .group:00000000 wm4.stddef.h.155.3588ebfdd1e8c7ede80509bb9c3b8009
                           .group:00000000 wm4._types.h.127.34941de1b2539d59d5cac00e0dd27a45
                           .group:00000000 wm4.reent.h.17.e292bf8b0bec6c96e131a54347145a30
                           .group:00000000 wm4.lock.h.2.1461d1fff82dffe8bfddc23307f6484f
                           .group:00000000 wm4.reent.h.77.dcd6129ff07fe81bd5636db29abe53b2
                           .group:00000000 wm4.cdefs.h.49.6260d97adb8d27534cbdc0f868b8ea87
                           .group:00000000 wm4.math.h.13.97100c05caf9f40dd9f5a3cda48ccc01
                           .group:00000000 wm4.r_typedefs.h.38.e90d9de5300d9ae020e5db8c5af88b3e

UNDEFINED SYMBOLS
__bss_start
__bss_end
__bss2_start
__bss2_end
__uncached_RAM_start
__uncached_RAM_end
__module3_exec_start
__module3_exec_end
__bss_memclk_setup_start
__bss_memclk_setup_end
__vect_load_start
__vect_load_end
__vect_exec_start
__fastcode_load_start
__fastcode_load_end
__fastcode_exec_start
__data_load_start
__data_load_end
__data_exec_start
__data2_load_start
__data2_load_end
__data2_exec_start
__uncached_RAM2_load_start
__uncached_RAM2_load_end
__uncached_RAM2_exec_start
__module2_load_start
__module2_load_end
__module2_exec_start
__data_memclk_setup_load_start
__data_memclk_setup_load_end
__data_memclk_setup_exec_start
