   1              		.cpu cortex-a9
   2              		.eabi_attribute 28, 1
   3              		.eabi_attribute 20, 1
   4              		.eabi_attribute 21, 1
   5              		.eabi_attribute 23, 3
   6              		.eabi_attribute 24, 1
   7              		.eabi_attribute 25, 1
   8              		.eabi_attribute 26, 1
   9              		.eabi_attribute 30, 1
  10              		.eabi_attribute 34, 0
  11              		.eabi_attribute 18, 4
  12              		.file	"main.c"
  13              		.text
  14              	.Ltext0:
  15              		.cfi_sections	.debug_frame
  16              		.section	.rodata.os_console_task_t.str1.4,"aMS",%progbits,1
  17              		.align	2
  18              	.LC0:
  19 0000 5245453E 		.ascii	"REE>\000"
  19      00
  20              		.section	.text.os_console_task_t,"ax",%progbits
  21              		.align	2
  22              		.global	os_console_task_t
  23              		.arch armv7-a
  24              		.arch_extension mp
  25              		.arch_extension sec
  26              		.syntax unified
  27              		.arm
  28              		.fpu neon
  30              	os_console_task_t:
  31              	.LFB6:
  32              		.file 1 "../src/user_prog/main.c"
   1:../src/user_prog/main.c **** /**************************************************************************************************
   2:../src/user_prog/main.c ****  * DISCLAIMER
   3:../src/user_prog/main.c ****  * This software is supplied by Renesas Electronics Corporation and is only intended for use with R
   4:../src/user_prog/main.c ****  * other uses are authorized. This software is owned by Renesas Electronics Corporation and is prot
   5:../src/user_prog/main.c ****  * applicable laws, including copyright laws.
   6:../src/user_prog/main.c ****  * THIS SOFTWARE IS PROVIDED "AS IS" AND RENESAS MAKES NO WARRANTIES REGARDING
   7:../src/user_prog/main.c ****  * THIS SOFTWARE, WHETHER EXPRESS, IMPLIED OR STATUTORY, INCLUDING BUT NOT LIMITED TO WARRANTIES OF
   8:../src/user_prog/main.c ****  * FITNESS FOR A PARTICULAR PURPOSE AND NON-INFRINGEMENT. ALL SUCH WARRANTIES ARE EXPRESSLY DISCLAI
   9:../src/user_prog/main.c ****  * EXTENT PERMITTED NOT PROHIBITED BY LAW, NEITHER RENESAS ELECTRONICS CORPORATION NOR ANY OF ITS A
  10:../src/user_prog/main.c ****  * SHALL BE LIABLE FOR ANY DIRECT, INDIRECT, SPECIAL, INCIDENTAL OR CONSEQUENTIAL DAMAGES FOR ANY R
  11:../src/user_prog/main.c ****  * THIS SOFTWARE, EVEN IF RENESAS OR ITS AFFILIATES HAVE BEEN ADVISED OF THE POSSIBILITY OF SUCH DA
  12:../src/user_prog/main.c ****  * Renesas reserves the right, without notice, to make changes to this software and to discontinue 
  13:../src/user_prog/main.c ****  * this software. By using this software, you agree to the additional terms and conditions found by
  14:../src/user_prog/main.c ****  * following link:
  15:../src/user_prog/main.c ****  * http://www.renesas.com/disclaimer
  16:../src/user_prog/main.c ****  *
  17:../src/user_prog/main.c ****  * Copyright (C) 2018 Renesas Electronics Corporation. All rights reserved.
  18:../src/user_prog/main.c ****  **************************************************************************************************
  19:../src/user_prog/main.c **** /**************************************************************************************************
  20:../src/user_prog/main.c ****  * File Name    : main.c
  21:../src/user_prog/main.c ****  * Device(s)    : RZ/A2M
  22:../src/user_prog/main.c ****  * Tool-Chain   : e2Studio Ver 7.6.0
  23:../src/user_prog/main.c ****  *              : GNU Arm Embedded Toolchain 6-2017-q2-update
  24:../src/user_prog/main.c ****  * OS           : None
  25:../src/user_prog/main.c ****  * H/W Platform : RZ/A2M Evaluation Board
  26:../src/user_prog/main.c ****  * Description  : RZ/A2M Sample Program - Main
  27:../src/user_prog/main.c ****  **************************************************************************************************
  28:../src/user_prog/main.c **** 
  29:../src/user_prog/main.c **** /**************************************************************************************************
  30:../src/user_prog/main.c ****  Includes   <System Includes> , "Project Includes"
  31:../src/user_prog/main.c ****  **************************************************************************************************
  32:../src/user_prog/main.c **** #include <stdio.h>
  33:../src/user_prog/main.c **** #include <string.h>
  34:../src/user_prog/main.c **** #include <fcntl.h>
  35:../src/user_prog/main.c **** #include <unistd.h>
  36:../src/user_prog/main.c **** 
  37:../src/user_prog/main.c **** #include "r_typedefs.h"
  38:../src/user_prog/main.c **** #include "iodefine.h"
  39:../src/user_prog/main.c **** #include "r_cpg_drv_api.h"
  40:../src/user_prog/main.c **** #include "r_scifa_drv_api.h"
  41:../src/user_prog/main.c **** #include "r_gpio_drv_api.h"
  42:../src/user_prog/main.c **** #include "r_startup_config.h"
  43:../src/user_prog/main.c **** #include "compiler_settings.h"
  44:../src/user_prog/main.c **** #include "main.h"
  45:../src/user_prog/main.c **** #include "r_os_abstraction_api.h"
  46:../src/user_prog/main.c **** #include "r_task_priority.h"
  47:../src/user_prog/main.c **** #include "command.h"
  48:../src/user_prog/main.c **** 
  49:../src/user_prog/main.c **** #include "iodefine.h"
  50:../src/user_prog/main.c **** 
  51:../src/user_prog/main.c **** /**************************************************************************************************
  52:../src/user_prog/main.c ****  Typedef definitions
  53:../src/user_prog/main.c ****  **************************************************************************************************
  54:../src/user_prog/main.c **** 
  55:../src/user_prog/main.c **** /**************************************************************************************************
  56:../src/user_prog/main.c ****  Macro definitions
  57:../src/user_prog/main.c ****  **************************************************************************************************
  58:../src/user_prog/main.c **** #define MAIN_PRV_LED_ON     (1)
  59:../src/user_prog/main.c **** #define MAIN_PRV_LED_OFF    (0)
  60:../src/user_prog/main.c **** 
  61:../src/user_prog/main.c **** /**************************************************************************************************
  62:../src/user_prog/main.c ****  Imported global variables and functions (from other files)
  63:../src/user_prog/main.c ****  **************************************************************************************************
  64:../src/user_prog/main.c **** 
  65:../src/user_prog/main.c **** /**************************************************************************************************
  66:../src/user_prog/main.c ****  Exported global variables and functions (to be accessed by other files)
  67:../src/user_prog/main.c ****  **************************************************************************************************
  68:../src/user_prog/main.c **** 
  69:../src/user_prog/main.c **** /**************************************************************************************************
  70:../src/user_prog/main.c ****  Private global variables and functions
  71:../src/user_prog/main.c ****  **************************************************************************************************
  72:../src/user_prog/main.c **** static uint32_t s_main_led_flg;      /* LED lighting/turning off */
  73:../src/user_prog/main.c **** static int_t s_my_gpio_handle;
  74:../src/user_prog/main.c **** static st_r_drv_gpio_pin_rw_t s_p82_hi =
  75:../src/user_prog/main.c **** {
  76:../src/user_prog/main.c ****     GPIO_PORT_8_PIN_2,
  77:../src/user_prog/main.c ****     GPIO_LEVEL_HIGH,
  78:../src/user_prog/main.c ****     GPIO_SUCCESS
  79:../src/user_prog/main.c **** };
  80:../src/user_prog/main.c **** static st_r_drv_gpio_pin_rw_t s_p82_lo =
  81:../src/user_prog/main.c **** {
  82:../src/user_prog/main.c ****     GPIO_PORT_8_PIN_2,
  83:../src/user_prog/main.c ****     GPIO_LEVEL_LOW,
  84:../src/user_prog/main.c ****     GPIO_SUCCESS
  85:../src/user_prog/main.c **** };
  86:../src/user_prog/main.c **** static const r_gpio_port_pin_t s_led_pin_list[] =
  87:../src/user_prog/main.c **** {
  88:../src/user_prog/main.c ****     GPIO_PORT_8_PIN_2,
  89:../src/user_prog/main.c **** };
  90:../src/user_prog/main.c **** 
  91:../src/user_prog/main.c **** /* Terminal window escape sequences */
  92:../src/user_prog/main.c **** static const char_t * const sp_clear_screen = "\x1b[2J";
  93:../src/user_prog/main.c **** static const char_t * const sp_cursor_home  = "\x1b[H";
  94:../src/user_prog/main.c **** 
  95:../src/user_prog/main.c **** /**************************************************************************************************
  96:../src/user_prog/main.c ****  * Function Name: os_console_task_t
  97:../src/user_prog/main.c ****  * Description  : console task
  98:../src/user_prog/main.c ****  * Arguments    : none
  99:../src/user_prog/main.c ****  * Return Value : 0
 100:../src/user_prog/main.c ****  **************************************************************************************************
 101:../src/user_prog/main.c **** int_t os_console_task_t(void)
 102:../src/user_prog/main.c **** {
  33              		.loc 1 102 1 view -0
  34              		.cfi_startproc
  35              		@ Volatile: function does not return.
  36              		@ args = 0, pretend = 0, frame = 0
  37              		@ frame_needed = 0, uses_anonymous_args = 0
  38 0000 10402DE9 		push	{r4, lr}
  39              		.cfi_def_cfa_offset 8
  40              		.cfi_offset 4, -8
  41              		.cfi_offset 14, -4
  42              	.L2:
 103:../src/user_prog/main.c ****     /* never exits */
 104:../src/user_prog/main.c ****     while (1)
  43              		.loc 1 104 5 discriminator 1 view .LVU1
 105:../src/user_prog/main.c ****     {
 106:../src/user_prog/main.c ****         /* ==== Receive command, activate sample software ==== */
 107:../src/user_prog/main.c ****         cmd_console(stdin, stdout, "REE>");
  44              		.loc 1 107 9 discriminator 1 view .LVU2
  45              		.loc 1 107 21 is_stmt 0 discriminator 1 view .LVU3
  46 0004 003000E3 		movw	r3, #:lower16:_impure_ptr
  47 0008 003040E3 		movt	r3, #:upper16:_impure_ptr
  48 000c 003093E5 		ldr	r3, [r3]
  49              		.loc 1 107 9 discriminator 1 view .LVU4
  50 0010 002000E3 		movw	r2, #:lower16:.LC0
  51 0014 002040E3 		movt	r2, #:upper16:.LC0
  52 0018 081093E5 		ldr	r1, [r3, #8]
  53 001c 040093E5 		ldr	r0, [r3, #4]
  54 0020 FEFFFFEB 		bl	cmd_console
  55              	.LVL0:
 108:../src/user_prog/main.c **** 
 109:../src/user_prog/main.c ****         R_OS_TaskSleep(500);
  56              		.loc 1 109 9 is_stmt 1 discriminator 1 view .LVU5
  57 0024 7D0FA0E3 		mov	r0, #500
  58 0028 FEFFFFEB 		bl	R_OS_TaskSleep
  59              	.LVL1:
 104:../src/user_prog/main.c ****     {
  60              		.loc 1 104 11 discriminator 1 view .LVU6
  61 002c F4FFFFEA 		b	.L2
  62              		.cfi_endproc
  63              	.LFE6:
  65              		.section	.rodata.os_main_task_t.str1.4,"aMS",%progbits,1
  66              		.align	2
  67              	.LC1:
  68 0000 5C5C2E5C 		.ascii	"\\\\.\\gpio\000"
  68      6770696F 
  68      00
  69 0009 000000   		.align	2
  70              	.LC2:
  71 000c 1B5B4800 		.ascii	"\033[H\000"
  72              		.align	2
  73              	.LC3:
  74 0010 1B5B324A 		.ascii	"\033[2J\000"
  74      00
  75 0015 000000   		.align	2
  76              	.LC4:
  77 0018 25732573 		.ascii	"%s%s\000"
  77      00
  78 001d 000000   		.align	2
  79              	.LC5:
  80 0020 436F6E73 		.ascii	"Console\000"
  80      6F6C6500 
  81              		.section	.text.os_main_task_t,"ax",%progbits
  82              		.align	2
  83              		.global	os_main_task_t
  84              		.syntax unified
  85              		.arm
  86              		.fpu neon
  88              	os_main_task_t:
  89              	.LFB7:
 110:../src/user_prog/main.c ****     }
 111:../src/user_prog/main.c **** 
 112:../src/user_prog/main.c ****     return (0);
 113:../src/user_prog/main.c **** }
 114:../src/user_prog/main.c **** /**************************************************************************************************
 115:../src/user_prog/main.c ****  End of function os_console_task_t
 116:../src/user_prog/main.c ****  **************************************************************************************************
 117:../src/user_prog/main.c **** 
 118:../src/user_prog/main.c **** /**************************************************************************************************
 119:../src/user_prog/main.c ****  * Function Name: os_main_task_t
 120:../src/user_prog/main.c ****  * Description  : FreeRTOS main task called by R_OS_KernelInit()
 121:../src/user_prog/main.c ****  *              : FreeRTOS is now configured and R_OS_Abstraction calls
 122:../src/user_prog/main.c ****  *              : can be used.
 123:../src/user_prog/main.c ****  *              : From this point forward no longer use direct_xxx calls.
 124:../src/user_prog/main.c ****  *              : For example
 125:../src/user_prog/main.c ****  *              : in place of   direct_open("ostm2", O_RDWR);
 126:../src/user_prog/main.c ****  *              : use           open(DEVICE_INDENTIFIER "ostm2", O_RDWR);
 127:../src/user_prog/main.c ****  *              :
 128:../src/user_prog/main.c ****  * Arguments    : none
 129:../src/user_prog/main.c ****  * Return Value : 0
 130:../src/user_prog/main.c ****  **************************************************************************************************
 131:../src/user_prog/main.c **** int_t os_main_task_t(void)
 132:../src/user_prog/main.c **** {
  90              		.loc 1 132 1 view -0
  91              		.cfi_startproc
  92              		@ args = 0, pretend = 0, frame = 16
  93              		@ frame_needed = 0, uses_anonymous_args = 0
  94 0000 04E02DE5 		str	lr, [sp, #-4]!
  95              		.cfi_def_cfa_offset 4
  96              		.cfi_offset 14, -4
  97 0004 1CD04DE2 		sub	sp, sp, #28
  98              		.cfi_def_cfa_offset 32
 133:../src/user_prog/main.c ****     int_t err;
  99              		.loc 1 133 5 view .LVU8
 134:../src/user_prog/main.c ****     st_r_drv_gpio_pin_list_t pin_led;
 100              		.loc 1 134 5 view .LVU9
 135:../src/user_prog/main.c ****     char_t data;
 101              		.loc 1 135 5 view .LVU10
 136:../src/user_prog/main.c **** 
 137:../src/user_prog/main.c ****     /* For information only
 138:../src/user_prog/main.c ****      * Use stdio calls to open drivers once  the kernel is initialised
 139:../src/user_prog/main.c ****      *
 140:../src/user_prog/main.c ****      * i.e.
 141:../src/user_prog/main.c ****      * int_t ostm3_handle;
 142:../src/user_prog/main.c ****      * ostm3_handle = open (DEVICE_INDENTIFIER "ostm2", O_RDWR);
 143:../src/user_prog/main.c ****      * close (ostm3_handle);
 144:../src/user_prog/main.c ****      */
 145:../src/user_prog/main.c **** 
 146:../src/user_prog/main.c ****     s_my_gpio_handle = open(DEVICE_INDENTIFIER "gpio", O_RDWR);
 102              		.loc 1 146 5 view .LVU11
 103              		.loc 1 146 24 is_stmt 0 view .LVU12
 104 0008 0210A0E3 		mov	r1, #2
 105 000c 000000E3 		movw	r0, #:lower16:.LC1
 106 0010 000040E3 		movt	r0, #:upper16:.LC1
 107 0014 FEFFFFEB 		bl	open
 108              	.LVL2:
 147:../src/user_prog/main.c **** 
 148:../src/user_prog/main.c ****     /* On error */
 149:../src/user_prog/main.c ****     if (s_my_gpio_handle < 0)
 109              		.loc 1 149 5 is_stmt 1 view .LVU13
 110              		.loc 1 149 8 is_stmt 0 view .LVU14
 111 0018 000050E3 		cmp	r0, #0
 112 001c 010000AA 		bge	.L5
 113              	.L6:
 150:../src/user_prog/main.c ****     {
 151:../src/user_prog/main.c ****         /* stop execute */
 152:../src/user_prog/main.c ****         while (1)
 114              		.loc 1 152 9 is_stmt 1 discriminator 1 view .LVU15
 153:../src/user_prog/main.c ****         {
 154:../src/user_prog/main.c ****             R_COMPILER_Nop();
 115              		.loc 1 154 13 discriminator 1 view .LVU16
 116              	.LBB8:
 117              	.LBI8:
 118              		.file 2 "C:/Users/ryota/e2_studio/workspace/rza2m_ssif_sample_freertos_gcc/generate/compiler/inc/r
   1:C:/Users/ryota/e2_studio/workspace/rza2m_ssif_sample_freertos_gcc/generate/compiler/inc\r_compiler_abstraction_api.h **** /**************************************************************************************************
   2:C:/Users/ryota/e2_studio/workspace/rza2m_ssif_sample_freertos_gcc/generate/compiler/inc\r_compiler_abstraction_api.h ****  * DISCLAIMER
   3:C:/Users/ryota/e2_studio/workspace/rza2m_ssif_sample_freertos_gcc/generate/compiler/inc\r_compiler_abstraction_api.h ****  * This software is supplied by Renesas Electronics Corporation and is only intended for use with R
   4:C:/Users/ryota/e2_studio/workspace/rza2m_ssif_sample_freertos_gcc/generate/compiler/inc\r_compiler_abstraction_api.h ****  * other uses are authorized. This software is owned by Renesas Electronics Corporation and is prot
   5:C:/Users/ryota/e2_studio/workspace/rza2m_ssif_sample_freertos_gcc/generate/compiler/inc\r_compiler_abstraction_api.h ****  * applicable laws, including copyright laws.
   6:C:/Users/ryota/e2_studio/workspace/rza2m_ssif_sample_freertos_gcc/generate/compiler/inc\r_compiler_abstraction_api.h ****  * THIS SOFTWARE IS PROVIDED "AS IS" AND RENESAS MAKES NO WARRANTIES REGARDING
   7:C:/Users/ryota/e2_studio/workspace/rza2m_ssif_sample_freertos_gcc/generate/compiler/inc\r_compiler_abstraction_api.h ****  * THIS SOFTWARE, WHETHER EXPRESS, IMPLIED OR STATUTORY, INCLUDING BUT NOT LIMITED TO WARRANTIES OF
   8:C:/Users/ryota/e2_studio/workspace/rza2m_ssif_sample_freertos_gcc/generate/compiler/inc\r_compiler_abstraction_api.h ****  * FITNESS FOR A PARTICULAR PURPOSE AND NON-INFRINGEMENT. ALL SUCH WARRANTIES ARE EXPRESSLY DISCLAI
   9:C:/Users/ryota/e2_studio/workspace/rza2m_ssif_sample_freertos_gcc/generate/compiler/inc\r_compiler_abstraction_api.h ****  * EXTENT PERMITTED NOT PROHIBITED BY LAW, NEITHER RENESAS ELECTRONICS CORPORATION NOR ANY OF ITS A
  10:C:/Users/ryota/e2_studio/workspace/rza2m_ssif_sample_freertos_gcc/generate/compiler/inc\r_compiler_abstraction_api.h ****  * SHALL BE LIABLE FOR ANY DIRECT, INDIRECT, SPECIAL, INCIDENTAL OR CONSEQUENTIAL DAMAGES FOR ANY R
  11:C:/Users/ryota/e2_studio/workspace/rza2m_ssif_sample_freertos_gcc/generate/compiler/inc\r_compiler_abstraction_api.h ****  * SOFTWARE, EVEN IF RENESAS OR ITS AFFILIATES HAVE BEEN ADVISED OF THE POSSIBILITY OF SUCH DAMAGES
  12:C:/Users/ryota/e2_studio/workspace/rza2m_ssif_sample_freertos_gcc/generate/compiler/inc\r_compiler_abstraction_api.h ****  * Renesas reserves the right, without notice, to make changes to this software and to discontinue 
  13:C:/Users/ryota/e2_studio/workspace/rza2m_ssif_sample_freertos_gcc/generate/compiler/inc\r_compiler_abstraction_api.h ****  * this software. By using this software, you agree to the additional terms and conditions found by
  14:C:/Users/ryota/e2_studio/workspace/rza2m_ssif_sample_freertos_gcc/generate/compiler/inc\r_compiler_abstraction_api.h ****  * following link:
  15:C:/Users/ryota/e2_studio/workspace/rza2m_ssif_sample_freertos_gcc/generate/compiler/inc\r_compiler_abstraction_api.h ****  * http://www.renesas.com/disclaimer
  16:C:/Users/ryota/e2_studio/workspace/rza2m_ssif_sample_freertos_gcc/generate/compiler/inc\r_compiler_abstraction_api.h ****  *
  17:C:/Users/ryota/e2_studio/workspace/rza2m_ssif_sample_freertos_gcc/generate/compiler/inc\r_compiler_abstraction_api.h ****  * Copyright (C) 2020 Renesas Electronics Corporation. All rights reserved.
  18:C:/Users/ryota/e2_studio/workspace/rza2m_ssif_sample_freertos_gcc/generate/compiler/inc\r_compiler_abstraction_api.h ****  **************************************************************************************************
  19:C:/Users/ryota/e2_studio/workspace/rza2m_ssif_sample_freertos_gcc/generate/compiler/inc\r_compiler_abstraction_api.h **** /**************************************************************************************************
  20:C:/Users/ryota/e2_studio/workspace/rza2m_ssif_sample_freertos_gcc/generate/compiler/inc\r_compiler_abstraction_api.h ****  * File Name    : r_compiler_abstraction_api.h
  21:C:/Users/ryota/e2_studio/workspace/rza2m_ssif_sample_freertos_gcc/generate/compiler/inc\r_compiler_abstraction_api.h ****  * Description  : Provides a common API for frequently used compiler specific operations
  22:C:/Users/ryota/e2_studio/workspace/rza2m_ssif_sample_freertos_gcc/generate/compiler/inc\r_compiler_abstraction_api.h ****  **************************************************************************************************
  23:C:/Users/ryota/e2_studio/workspace/rza2m_ssif_sample_freertos_gcc/generate/compiler/inc\r_compiler_abstraction_api.h **** #include  "r_typedefs.h"
  24:C:/Users/ryota/e2_studio/workspace/rza2m_ssif_sample_freertos_gcc/generate/compiler/inc\r_compiler_abstraction_api.h **** 
  25:C:/Users/ryota/e2_studio/workspace/rza2m_ssif_sample_freertos_gcc/generate/compiler/inc\r_compiler_abstraction_api.h **** #ifndef SRC_PRV_RENESAS_COMPILER_INC_R_COMPILER_ABSTRACTION_API_H_
  26:C:/Users/ryota/e2_studio/workspace/rza2m_ssif_sample_freertos_gcc/generate/compiler/inc\r_compiler_abstraction_api.h **** #define SRC_PRV_RENESAS_COMPILER_INC_R_COMPILER_ABSTRACTION_API_H_
  27:C:/Users/ryota/e2_studio/workspace/rza2m_ssif_sample_freertos_gcc/generate/compiler/inc\r_compiler_abstraction_api.h **** 
  28:C:/Users/ryota/e2_studio/workspace/rza2m_ssif_sample_freertos_gcc/generate/compiler/inc\r_compiler_abstraction_api.h **** /* Macro is used to declare linkage to a function as weak so that it can be overridden by a normall
  29:C:/Users/ryota/e2_studio/workspace/rza2m_ssif_sample_freertos_gcc/generate/compiler/inc\r_compiler_abstraction_api.h ****  * Update this when using a different compiler. */
  30:C:/Users/ryota/e2_studio/workspace/rza2m_ssif_sample_freertos_gcc/generate/compiler/inc\r_compiler_abstraction_api.h **** #define R_COMPILER_WEAK __attribute__((weak))
  31:C:/Users/ryota/e2_studio/workspace/rza2m_ssif_sample_freertos_gcc/generate/compiler/inc\r_compiler_abstraction_api.h **** 
  32:C:/Users/ryota/e2_studio/workspace/rza2m_ssif_sample_freertos_gcc/generate/compiler/inc\r_compiler_abstraction_api.h **** #define R_COMPILER_INLINE static inline
  33:C:/Users/ryota/e2_studio/workspace/rza2m_ssif_sample_freertos_gcc/generate/compiler/inc\r_compiler_abstraction_api.h **** 
  34:C:/Users/ryota/e2_studio/workspace/rza2m_ssif_sample_freertos_gcc/generate/compiler/inc\r_compiler_abstraction_api.h **** extern void __enable_irq (void);
  35:C:/Users/ryota/e2_studio/workspace/rza2m_ssif_sample_freertos_gcc/generate/compiler/inc\r_compiler_abstraction_api.h **** extern uint32_t __disable_irq (void);
  36:C:/Users/ryota/e2_studio/workspace/rza2m_ssif_sample_freertos_gcc/generate/compiler/inc\r_compiler_abstraction_api.h **** extern void __enable_fiq (void);
  37:C:/Users/ryota/e2_studio/workspace/rza2m_ssif_sample_freertos_gcc/generate/compiler/inc\r_compiler_abstraction_api.h **** extern void __disable_fiq (void);
  38:C:/Users/ryota/e2_studio/workspace/rza2m_ssif_sample_freertos_gcc/generate/compiler/inc\r_compiler_abstraction_api.h **** 
  39:C:/Users/ryota/e2_studio/workspace/rza2m_ssif_sample_freertos_gcc/generate/compiler/inc\r_compiler_abstraction_api.h **** /**************************************************************************************************
  40:C:/Users/ryota/e2_studio/workspace/rza2m_ssif_sample_freertos_gcc/generate/compiler/inc\r_compiler_abstraction_api.h ****  * Function Name: R_COMPILER_Nop
  41:C:/Users/ryota/e2_studio/workspace/rza2m_ssif_sample_freertos_gcc/generate/compiler/inc\r_compiler_abstraction_api.h ****  * Description  : Abstracting a compiler No Operation opcode into a C function. Update this when us
  42:C:/Users/ryota/e2_studio/workspace/rza2m_ssif_sample_freertos_gcc/generate/compiler/inc\r_compiler_abstraction_api.h ****  *                compiler.
  43:C:/Users/ryota/e2_studio/workspace/rza2m_ssif_sample_freertos_gcc/generate/compiler/inc\r_compiler_abstraction_api.h ****  * Return Value : None.
  44:C:/Users/ryota/e2_studio/workspace/rza2m_ssif_sample_freertos_gcc/generate/compiler/inc\r_compiler_abstraction_api.h ****  **************************************************************************************************
  45:C:/Users/ryota/e2_studio/workspace/rza2m_ssif_sample_freertos_gcc/generate/compiler/inc\r_compiler_abstraction_api.h **** R_COMPILER_INLINE void R_COMPILER_Nop (void)
 119              		.loc 2 45 24 discriminator 1 view .LVU17
 120              	.LBB9:
  46:C:/Users/ryota/e2_studio/workspace/rza2m_ssif_sample_freertos_gcc/generate/compiler/inc\r_compiler_abstraction_api.h ****     {
  47:C:/Users/ryota/e2_studio/workspace/rza2m_ssif_sample_freertos_gcc/generate/compiler/inc\r_compiler_abstraction_api.h ****         __asm volatile ("nop");
 121              		.loc 2 47 9 discriminator 1 view .LVU18
 122              		.syntax divided
 123              	@ 47 "C:/Users/ryota/e2_studio/workspace/rza2m_ssif_sample_freertos_gcc/generate/compiler/inc/r_com
 124 0020 00F020E3 		nop
 125              	@ 0 "" 2
 126              		.arm
 127              		.syntax unified
 128 0024 FDFFFFEA 		b	.L6
 129              	.L5:
 130              	.LBE9:
 131              	.LBE8:
 155:../src/user_prog/main.c ****         }
 156:../src/user_prog/main.c ****     }
 157:../src/user_prog/main.c **** 
 158:../src/user_prog/main.c ****     /**************************************************
 159:../src/user_prog/main.c ****      * Initialise P6_0 pin parameterised in GPIO_SC_TABLE_MANUAL
 160:../src/user_prog/main.c ****      **************************************************/
 161:../src/user_prog/main.c ****     pin_led.p_pin_list = s_led_pin_list;
 132              		.loc 1 161 5 view .LVU19
 133              		.loc 1 161 24 is_stmt 0 view .LVU20
 134 0028 003000E3 		movw	r3, #:lower16:.LANCHOR0
 135 002c 003040E3 		movt	r3, #:upper16:.LANCHOR0
 136 0030 0C308DE5 		str	r3, [sp, #12]
 162:../src/user_prog/main.c ****     pin_led.count = (sizeof(s_led_pin_list)) / (sizeof(s_led_pin_list[0]));
 137              		.loc 1 162 5 is_stmt 1 view .LVU21
 138              		.loc 1 162 19 is_stmt 0 view .LVU22
 139 0034 0130A0E3 		mov	r3, #1
 140 0038 10308DE5 		str	r3, [sp, #16]
 163:../src/user_prog/main.c ****     err = direct_control(s_my_gpio_handle, CTL_GPIO_INIT_BY_PIN_LIST, &pin_led);
 141              		.loc 1 163 5 is_stmt 1 view .LVU23
 142              		.loc 1 163 11 is_stmt 0 view .LVU24
 143 003c 0C208DE2 		add	r2, sp, #12
 144 0040 0210A0E3 		mov	r1, #2
 145 0044 FEFFFFEB 		bl	direct_control
 146              	.LVL3:
 164:../src/user_prog/main.c **** 
 165:../src/user_prog/main.c ****     /* On error */
 166:../src/user_prog/main.c ****     if (err < 0)
 147              		.loc 1 166 5 is_stmt 1 view .LVU25
 148              		.loc 1 166 8 is_stmt 0 view .LVU26
 149 0048 000050E3 		cmp	r0, #0
 150 004c 010000AA 		bge	.L7
 151              	.L8:
 167:../src/user_prog/main.c ****     {
 168:../src/user_prog/main.c ****         /* stop execute */
 169:../src/user_prog/main.c ****         while (1)
 152              		.loc 1 169 9 is_stmt 1 discriminator 1 view .LVU27
 170:../src/user_prog/main.c ****         {
 171:../src/user_prog/main.c ****             R_COMPILER_Nop();
 153              		.loc 1 171 13 discriminator 1 view .LVU28
 154              	.LBB10:
 155              	.LBI10:
  45:C:/Users/ryota/e2_studio/workspace/rza2m_ssif_sample_freertos_gcc/generate/compiler/inc\r_compiler_abstraction_api.h ****     {
 156              		.loc 2 45 24 discriminator 1 view .LVU29
 157              	.LBB11:
 158              		.loc 2 47 9 discriminator 1 view .LVU30
 159              		.syntax divided
 160              	@ 47 "C:/Users/ryota/e2_studio/workspace/rza2m_ssif_sample_freertos_gcc/generate/compiler/inc/r_com
 161 0050 00F020E3 		nop
 162              	@ 0 "" 2
 163              		.arm
 164              		.syntax unified
 165 0054 FDFFFFEA 		b	.L8
 166              	.L7:
 167              	.LBE11:
 168              	.LBE10:
 172:../src/user_prog/main.c ****         }
 173:../src/user_prog/main.c ****     }
 174:../src/user_prog/main.c **** 
 175:../src/user_prog/main.c ****     /* ==== Output banner message ==== */
 176:../src/user_prog/main.c ****     printf("%s%s", sp_clear_screen, sp_cursor_home);
 169              		.loc 1 176 5 view .LVU31
 170 0058 002000E3 		movw	r2, #:lower16:.LC2
 171 005c 002040E3 		movt	r2, #:upper16:.LC2
 172 0060 001000E3 		movw	r1, #:lower16:.LC3
 173 0064 001040E3 		movt	r1, #:upper16:.LC3
 174 0068 000000E3 		movw	r0, #:lower16:.LC4
 175              	.LVL4:
 176              		.loc 1 176 5 is_stmt 0 view .LVU32
 177 006c 000040E3 		movt	r0, #:upper16:.LC4
 178 0070 FEFFFFEB 		bl	printf
 179              	.LVL5:
 177:../src/user_prog/main.c ****     show_welcome_msg(stdout, true);
 180              		.loc 1 177 5 is_stmt 1 view .LVU33
 181              		.loc 1 177 22 is_stmt 0 view .LVU34
 182 0074 003000E3 		movw	r3, #:lower16:_impure_ptr
 183 0078 003040E3 		movt	r3, #:upper16:_impure_ptr
 184 007c 003093E5 		ldr	r3, [r3]
 185              		.loc 1 177 5 view .LVU35
 186 0080 0110A0E3 		mov	r1, #1
 187 0084 080093E5 		ldr	r0, [r3, #8]
 188 0088 FEFFFFEB 		bl	show_welcome_msg
 189              	.LVL6:
 178:../src/user_prog/main.c **** 
 179:../src/user_prog/main.c ****     /* Create a task to run the console */
 180:../src/user_prog/main.c ****     R_OS_TaskCreate("Console", (os_task_code_t) os_console_task_t, NULL,
 190              		.loc 1 180 5 is_stmt 1 view .LVU36
 191 008c 0630A0E3 		mov	r3, #6
 192 0090 00308DE5 		str	r3, [sp]
 193 0094 0230A0E3 		mov	r3, #2
 194 0098 0020A0E3 		mov	r2, #0
 195 009c 001000E3 		movw	r1, #:lower16:os_console_task_t
 196 00a0 001040E3 		movt	r1, #:upper16:os_console_task_t
 197 00a4 000000E3 		movw	r0, #:lower16:.LC5
 198 00a8 000040E3 		movt	r0, #:upper16:.LC5
 199 00ac FEFFFFEB 		bl	R_OS_TaskCreate
 200              	.LVL7:
 201              	.L9:
 181:../src/user_prog/main.c ****                         R_OS_ABSTRACTION_DEFAULT_STACK_SIZE,
 182:../src/user_prog/main.c ****                         TASK_CONSOLE_TASK_PRI);
 183:../src/user_prog/main.c **** 
 184:../src/user_prog/main.c ****     while (1)
 202              		.loc 1 184 5 discriminator 1 view .LVU37
 185:../src/user_prog/main.c ****     {
 186:../src/user_prog/main.c ****         R_OS_TaskSleep(500);
 203              		.loc 1 186 9 discriminator 1 view .LVU38
 204 00b0 7D0FA0E3 		mov	r0, #500
 205 00b4 FEFFFFEB 		bl	R_OS_TaskSleep
 206              	.LVL8:
 184:../src/user_prog/main.c ****     {
 207              		.loc 1 184 11 discriminator 1 view .LVU39
 208 00b8 FCFFFFEA 		b	.L9
 209              		.cfi_endproc
 210              	.LFE7:
 212              		.section	.rodata.main.str1.4,"aMS",%progbits,1
 213              		.align	2
 214              	.LC6:
 215 0000 63706700 		.ascii	"cpg\000"
 216              		.section	.text.main,"ax",%progbits
 217              		.align	2
 218              		.global	main
 219              		.syntax unified
 220              		.arm
 221              		.fpu neon
 223              	main:
 224              	.LFB8:
 187:../src/user_prog/main.c ****     }
 188:../src/user_prog/main.c **** 
 189:../src/user_prog/main.c ****     return (err);
 190:../src/user_prog/main.c **** }
 191:../src/user_prog/main.c **** /**************************************************************************************************
 192:../src/user_prog/main.c ****  * End of function os_main_task_t
 193:../src/user_prog/main.c ****  **************************************************************************************************
 194:../src/user_prog/main.c **** 
 195:../src/user_prog/main.c **** /**************************************************************************************************
 196:../src/user_prog/main.c ****  * Function Name: main
 197:../src/user_prog/main.c ****  * Description  : C Entry point
 198:../src/user_prog/main.c ****  *              : opens and configures cpg driver
 199:../src/user_prog/main.c ****  *              : starts the freertos kernel
 200:../src/user_prog/main.c ****  * Arguments    : none
 201:../src/user_prog/main.c ****  * Return Value : 0
 202:../src/user_prog/main.c ****  **************************************************************************************************
 203:../src/user_prog/main.c **** int_t main(void)
 204:../src/user_prog/main.c **** {
 225              		.loc 1 204 1 view -0
 226              		.cfi_startproc
 227              		@ args = 0, pretend = 0, frame = 0
 228              		@ frame_needed = 0, uses_anonymous_args = 0
 229 0000 10402DE9 		push	{r4, lr}
 230              		.cfi_def_cfa_offset 8
 231              		.cfi_offset 4, -8
 232              		.cfi_offset 14, -4
 205:../src/user_prog/main.c ****     int_t cpg_handle;
 233              		.loc 1 205 5 view .LVU41
 206:../src/user_prog/main.c **** 
 207:../src/user_prog/main.c ****     /* configure any drivers that are required before the Kernel initialises */
 208:../src/user_prog/main.c **** 
 209:../src/user_prog/main.c ****     /* Initialize the devlink layer */
 210:../src/user_prog/main.c ****     R_DEVLINK_Init();
 234              		.loc 1 210 5 view .LVU42
 235 0004 FEFFFFEB 		bl	R_DEVLINK_Init
 236              	.LVL9:
 211:../src/user_prog/main.c **** 
 212:../src/user_prog/main.c ****     /* Initialize CPG */
 213:../src/user_prog/main.c ****     cpg_handle = direct_open("cpg", 0);
 237              		.loc 1 213 5 view .LVU43
 238              		.loc 1 213 18 is_stmt 0 view .LVU44
 239 0008 0010A0E3 		mov	r1, #0
 240 000c 000000E3 		movw	r0, #:lower16:.LC6
 241 0010 000040E3 		movt	r0, #:upper16:.LC6
 242 0014 FEFFFFEB 		bl	direct_open
 243              	.LVL10:
 214:../src/user_prog/main.c **** 
 215:../src/user_prog/main.c ****     if (cpg_handle < 0)
 244              		.loc 1 215 5 is_stmt 1 view .LVU45
 245              		.loc 1 215 8 is_stmt 0 view .LVU46
 246 0018 000050E3 		cmp	r0, #0
 247              		.loc 1 215 8 view .LVU47
 248 001c 010000AA 		bge	.L12
 249              	.L13:
 216:../src/user_prog/main.c ****     {
 217:../src/user_prog/main.c ****         /* stop execute */
 218:../src/user_prog/main.c ****         while (1)
 250              		.loc 1 218 9 is_stmt 1 discriminator 1 view .LVU48
 219:../src/user_prog/main.c ****         {
 220:../src/user_prog/main.c ****             R_COMPILER_Nop();
 251              		.loc 1 220 13 discriminator 1 view .LVU49
 252              	.LBB12:
 253              	.LBI12:
  45:C:/Users/ryota/e2_studio/workspace/rza2m_ssif_sample_freertos_gcc/generate/compiler/inc\r_compiler_abstraction_api.h ****     {
 254              		.loc 2 45 24 discriminator 1 view .LVU50
 255              	.LBB13:
 256              		.loc 2 47 9 discriminator 1 view .LVU51
 257              		.syntax divided
 258              	@ 47 "C:/Users/ryota/e2_studio/workspace/rza2m_ssif_sample_freertos_gcc/generate/compiler/inc/r_com
 259 0020 00F020E3 		nop
 260              	@ 0 "" 2
 261              		.arm
 262              		.syntax unified
 263 0024 FDFFFFEA 		b	.L13
 264              	.L12:
 265              	.LBE13:
 266              	.LBE12:
 221:../src/user_prog/main.c ****         }
 222:../src/user_prog/main.c ****     }
 223:../src/user_prog/main.c **** 
 224:../src/user_prog/main.c ****     /* Can close handle if no need to change clock after here */
 225:../src/user_prog/main.c ****     direct_close(cpg_handle);
 267              		.loc 1 225 5 view .LVU52
 268 0028 FEFFFFEB 		bl	direct_close
 269              	.LVL11:
 226:../src/user_prog/main.c **** 
 227:../src/user_prog/main.c ****     /* Start FreeRTOS */
 228:../src/user_prog/main.c ****     /* R_OS_InitKernel should never return */
 229:../src/user_prog/main.c ****     R_OS_KernelInit();
 270              		.loc 1 229 5 view .LVU53
 271 002c FEFFFFEB 		bl	R_OS_KernelInit
 272              	.LVL12:
 230:../src/user_prog/main.c **** 
 231:../src/user_prog/main.c ****     return (0);
 273              		.loc 1 231 5 view .LVU54
 232:../src/user_prog/main.c **** }
 274              		.loc 1 232 1 is_stmt 0 view .LVU55
 275 0030 0000A0E3 		mov	r0, #0
 276 0034 1080BDE8 		pop	{r4, pc}
 277              		.cfi_endproc
 278              	.LFE8:
 280              		.section	.rodata.s_led_pin_list,"a"
 281              		.align	2
 282              		.set	.LANCHOR0,. + 0
 285              	s_led_pin_list:
 286 0000 0208     		.short	2050
 287              		.text
 288              	.Letext0:
 289              		.file 3 "c:\\program files (x86)\\gnu arm embedded toolchain\\9 2020-q2-update\\arm-none-eabi\\inc
 290              		.file 4 "c:\\program files (x86)\\gnu arm embedded toolchain\\9 2020-q2-update\\lib\\gcc\\arm-none
 291              		.file 5 "c:\\program files (x86)\\gnu arm embedded toolchain\\9 2020-q2-update\\arm-none-eabi\\inc
 292              		.file 6 "c:\\program files (x86)\\gnu arm embedded toolchain\\9 2020-q2-update\\arm-none-eabi\\inc
 293              		.file 7 "c:\\program files (x86)\\gnu arm embedded toolchain\\9 2020-q2-update\\arm-none-eabi\\inc
 294              		.file 8 "c:\\program files (x86)\\gnu arm embedded toolchain\\9 2020-q2-update\\arm-none-eabi\\inc
 295              		.file 9 "c:\\program files (x86)\\gnu arm embedded toolchain\\9 2020-q2-update\\arm-none-eabi\\inc
 296              		.file 10 "c:\\program files (x86)\\gnu arm embedded toolchain\\9 2020-q2-update\\arm-none-eabi\\in
 297              		.file 11 "c:\\program files (x86)\\gnu arm embedded toolchain\\9 2020-q2-update\\arm-none-eabi\\in
 298              		.file 12 "C:/Users/ryota/e2_studio/workspace/rza2m_ssif_sample_freertos_gcc/generate/system/inc/r_
 299              		.file 13 "c:\\program files (x86)\\gnu arm embedded toolchain\\9 2020-q2-update\\arm-none-eabi\\in
 300              		.file 14 "C:/Users/ryota/e2_studio/workspace/rza2m_ssif_sample_freertos_gcc/generate/system/inc/dr
 301              		.file 15 "C:/Users/ryota/e2_studio/workspace/rza2m_ssif_sample_freertos_gcc/generate/drivers/r_cpg
 302              		.file 16 "C:/Users/ryota/e2_studio/workspace/rza2m_ssif_sample_freertos_gcc/generate/drivers/r_int
 303              		.file 17 "C:/Users/ryota/e2_studio/workspace/rza2m_ssif_sample_freertos_gcc/generate/sc_drivers/r_
 304              		.file 18 "C:/Users/ryota/e2_studio/workspace/rza2m_ssif_sample_freertos_gcc/generate/drivers/r_gpi
 305              		.file 19 "C:/Users/ryota/e2_studio/workspace/rza2m_ssif_sample_freertos_gcc/generate/drivers/r_gpi
 306              		.file 20 "C:/Users/ryota/e2_studio/workspace/rza2m_ssif_sample_freertos_gcc/generate/os_abstractio
 307              		.file 21 "C:/Users/ryota/e2_studio/workspace/rza2m_ssif_sample_freertos_gcc/generate/os_abstractio
 308              		.file 22 "C:/Users/ryota/e2_studio/workspace/rza2m_ssif_sample_freertos_gcc/generate/system/inc/r_
 309              		.file 23 "C:/Users/ryota/e2_studio/workspace/rza2m_ssif_sample_freertos_gcc/generate/os_abstractio
 310              		.file 24 "c:\\program files (x86)\\gnu arm embedded toolchain\\9 2020-q2-update\\arm-none-eabi\\in
 311              		.file 25 "c:\\program files (x86)\\gnu arm embedded toolchain\\9 2020-q2-update\\arm-none-eabi\\in
 312              		.file 26 "C:/Users/ryota/e2_studio/workspace/rza2m_ssif_sample_freertos_gcc/src/renesas/applicatio
 313              		.file 27 "C:/Users/ryota/e2_studio/workspace/rza2m_ssif_sample_freertos_gcc/src/renesas/applicatio
DEFINED SYMBOLS
                            *ABS*:00000000 main.c
C:\Users\ryota\AppData\Local\Temp\ccYBEvTj.s:17     .rodata.os_console_task_t.str1.4:00000000 $d
C:\Users\ryota\AppData\Local\Temp\ccYBEvTj.s:18     .rodata.os_console_task_t.str1.4:00000000 .LC0
C:\Users\ryota\AppData\Local\Temp\ccYBEvTj.s:21     .text.os_console_task_t:00000000 $a
C:\Users\ryota\AppData\Local\Temp\ccYBEvTj.s:30     .text.os_console_task_t:00000000 os_console_task_t
C:\Users\ryota\AppData\Local\Temp\ccYBEvTj.s:66     .rodata.os_main_task_t.str1.4:00000000 $d
C:\Users\ryota\AppData\Local\Temp\ccYBEvTj.s:67     .rodata.os_main_task_t.str1.4:00000000 .LC1
C:\Users\ryota\AppData\Local\Temp\ccYBEvTj.s:70     .rodata.os_main_task_t.str1.4:0000000c .LC2
C:\Users\ryota\AppData\Local\Temp\ccYBEvTj.s:73     .rodata.os_main_task_t.str1.4:00000010 .LC3
C:\Users\ryota\AppData\Local\Temp\ccYBEvTj.s:76     .rodata.os_main_task_t.str1.4:00000018 .LC4
C:\Users\ryota\AppData\Local\Temp\ccYBEvTj.s:79     .rodata.os_main_task_t.str1.4:00000020 .LC5
C:\Users\ryota\AppData\Local\Temp\ccYBEvTj.s:82     .text.os_main_task_t:00000000 $a
C:\Users\ryota\AppData\Local\Temp\ccYBEvTj.s:88     .text.os_main_task_t:00000000 os_main_task_t
C:\Users\ryota\AppData\Local\Temp\ccYBEvTj.s:282    .rodata.s_led_pin_list:00000000 .LANCHOR0
C:\Users\ryota\AppData\Local\Temp\ccYBEvTj.s:213    .rodata.main.str1.4:00000000 $d
C:\Users\ryota\AppData\Local\Temp\ccYBEvTj.s:214    .rodata.main.str1.4:00000000 .LC6
C:\Users\ryota\AppData\Local\Temp\ccYBEvTj.s:217    .text.main:00000000 $a
C:\Users\ryota\AppData\Local\Temp\ccYBEvTj.s:223    .text.main:00000000 main
C:\Users\ryota\AppData\Local\Temp\ccYBEvTj.s:281    .rodata.s_led_pin_list:00000000 $d
C:\Users\ryota\AppData\Local\Temp\ccYBEvTj.s:285    .rodata.s_led_pin_list:00000000 s_led_pin_list
                           .group:00000000 wm4.0.3d5c910ebb40df6df78b28e37cd67f3d
                           .group:00000000 wm4._newlib_version.h.4.1ef4e12f167f8b69d7c30054be56050d
                           .group:00000000 wm4.newlib.h.18.1c9fedb6b3cd797cff253cc0fd593ef2
                           .group:00000000 wm4.ieeefp.h.77.3f06799abf5dd88bdddee084775a1223
                           .group:00000000 wm4.features.h.22.fad1cec3bc7ff06488171438dbdcfd02
                           .group:00000000 wm4.config.h.224.c701144a7b0518c6ee9b9b5465b79f81
                           .group:00000000 wm4._ansi.h.31.de524f58584151836e90d8620a16f8e8
                           .group:00000000 wm4.stdio.h.31.7c0e28c411445f3f9c5b11accf882760
                           .group:00000000 wm4._default_types.h.6.959254cf5f09734ea7516c89e8bb21bd
                           .group:00000000 wm4.stddef.h.181.c3f52a3b0f4c288bddb5dda1562858e2
                           .group:00000000 wm4.cdefs.h.49.6260d97adb8d27534cbdc0f868b8ea87
                           .group:00000000 wm4.stddef.h.39.b727a6c3269d9d6ef9fc646b721a8287
                           .group:00000000 wm4.stdarg.h.34.3a23a216c0c293b3d2ea2e89281481e6
                           .group:00000000 wm4._types.h.20.dd0d04dca3800a0d2a6129b87f3adbb2
                           .group:00000000 wm4.stddef.h.155.3588ebfdd1e8c7ede80509bb9c3b8009
                           .group:00000000 wm4._types.h.127.34941de1b2539d59d5cac00e0dd27a45
                           .group:00000000 wm4.reent.h.17.e292bf8b0bec6c96e131a54347145a30
                           .group:00000000 wm4.lock.h.2.1461d1fff82dffe8bfddc23307f6484f
                           .group:00000000 wm4.reent.h.77.dcd6129ff07fe81bd5636db29abe53b2
                           .group:00000000 wm4.types.h.40.8b6acba56cefbb11746718204edc8f5e
                           .group:00000000 wm4._stdint.h.10.c24fa3af3bc1706662bb5593a907e841
                           .group:00000000 wm4._endian.h.31.65a10590763c3dde1ac4a7f66d7d4891
                           .group:00000000 wm4.endian.h.9.49f3a4695c1b61e8a0808de3c4a106cb
                           .group:00000000 wm4._timeval.h.32.bec3221fa7a9bb0bdde696c9c57e47d2
                           .group:00000000 wm4.timespec.h.41.d855182eb0e690443ab8651bcedca6e1
                           .group:00000000 wm4.select.h.19.97ca6fd0c752a0f3b6719fd314d361e6
                           .group:00000000 wm4.types.h.51.5571ec98f267d17d3c670b7a3ba33afa
                           .group:00000000 wm4.sched.h.22.c60982713a5c428609783c78f9c78d95
                           .group:00000000 wm4._pthreadtypes.h.36.fcee9961c35163dde6267ef772ad1972
                           .group:00000000 wm4.stdio.h.2.4aa87247282eca6c8f36f9de33d8df1a
                           .group:00000000 wm4.stdio.h.81.932d0c162786b883f622b8d05c120c78
                           .group:00000000 wm4.string.h.8.c4b8571ce60dff2817f43fec8b86aecd
                           .group:00000000 wm4.stddef.h.155.ba788add86a0e365f264484f110c3c29
                           .group:00000000 wm4._default_fcntl.h.6.791f38f41eee7843f224ce48f47caa9b
                           .group:00000000 wm4.time.h.8.db4619001f026d0b4874c029fef0e91f
                           .group:00000000 wm4.time.h.2.4581ce0ffb6627cfc02162c94bf846c9
                           .group:00000000 wm4.time.h.25.e44726f8f6b03ec08e4e0835a2fcc2b7
                           .group:00000000 wm4.stat.h.54.5a9b823658423102e7a8de4ed089eedc
                           .group:00000000 wm4.fcntl.h.9.9336f33d7f5028f694c75e6e224e0cf7
                           .group:00000000 wm4.unistd.h.2.39165d5b7784d1815ef4b0c4be6df560
                           .group:00000000 wm4.unistd.h.170.da6e816043042c61475c2b1f58468b37
                           .group:00000000 wm4._intsup.h.10.48bafbb683905c4daa4565a85aeeb264
                           .group:00000000 wm4.stdint.h.23.d53047a68f4a85177f80b422d52785ed
                           .group:00000000 wm4.math.h.13.97100c05caf9f40dd9f5a3cda48ccc01
                           .group:00000000 wm4.r_typedefs.h.38.e90d9de5300d9ae020e5db8c5af88b3e
                           .group:00000000 wm4.adc_iodefine.h.29.14c6f50dce37432a7d004e4b1ce33da7
                           .group:00000000 wm4.bsc_iodefine.h.29.9281d1f3639266933964d6d0c2d42c4f
                           .group:00000000 wm4.ceu_iodefine.h.29.2a669d0b46fdde030a50db9e3c307fbf
                           .group:00000000 wm4.cpg_iodefine.h.29.d6fdc9cb4798723afd88b251d64c2ce2
                           .group:00000000 wm4.csi2link_iodefine.h.29.221c4531636a409f24d307b16341ada8
                           .group:00000000 wm4.dmac_iodefine.h.29.578fccc2cc1da886ec95a029bf874f01
                           .group:00000000 wm4.drpk_iodefine.h.29.580eb8588a2b2d43d2726fbe791e513f
                           .group:00000000 wm4.drw_iodefine.h.29.df30f4a4a34a79f6a86c4df91353dffe
                           .group:00000000 wm4.edmac_iodefine.h.29.33e8759349004a722f42f5429c1353f6
                           .group:00000000 wm4.eptpc_iodefine.h.29.74d8f9fab0f5549b56097fb9e937dde8
                           .group:00000000 wm4.etherc_iodefine.h.29.14602750383a574f1c21f994ad33a366
                           .group:00000000 wm4.gpio_iodefine.h.29.3d0b021c56839cee4ae5149903684e4b
                           .group:00000000 wm4.gpt_iodefine.h.29.557ead75d7b0585b898d3898b64c7f87
                           .group:00000000 wm4.hyper_iodefine.h.29.000caadbb74d881e97db55b39b432154
                           .group:00000000 wm4.imr_iodefine.h.29.77c022f017e711c4d51cc0145db1dad3
                           .group:00000000 wm4.intc_iodefine.h.29.b68f5799a35a7495d63b4cd458e1ba57
                           .group:00000000 wm4.irda_iodefine.h.29.37e67bd2005173d68a74d1cc937d8444
                           .group:00000000 wm4.jcu_iodefine.h.29.3aca452908962e7a7ccf26164751feda
                           .group:00000000 wm4.lvds_iodefine.h.29.c11cbe1900e5209c8dcc76c2336c16bc
                           .group:00000000 wm4.mtu_iodefine.h.29.5498fb974bb53caf05aa143c2deec781
                           .group:00000000 wm4.nandc_iodefine.h.29.e0b343306750f017ee86e169ad98efe9
                           .group:00000000 wm4.octa_iodefine.h.29.4cb0d62e4b9633e173858000dc1c626c
                           .group:00000000 wm4.ostm_iodefine.h.29.6914f7e330a1cf0008b34219adcdfed4
                           .group:00000000 wm4.pl_iodefine.h.29.abbb6d725aed990aa8343242bfe31416
                           .group:00000000 wm4.pmg_iodefine.h.29.8bcfbc4771a6f9b7dd4d6f504427219e
                           .group:00000000 wm4.poeg_iodefine.h.29.0d8e258d10986260cbc70cfb8c0ef273
                           .group:00000000 wm4.poe_iodefine.h.29.fe74e55e7b6b4afbe3596c74ba035e98
                           .group:00000000 wm4.prr_iodefine.h.29.c1f15576f7a27b9c83aa3b40f5b2f988
                           .group:00000000 wm4.ptpedmac_iodefine.h.29.cd24a93374ce35cebc41e26889d619ef
                           .group:00000000 wm4.rcanfd_iodefine.h.29.532dd48b82fcb61d63538aba4b6f1289
                           .group:00000000 wm4.rcan_iodefine.h.29.a47a89db1b35c12b54af48fa1956acba
                           .group:00000000 wm4.riic_iodefine.h.29.f96943d49800d297612c4af3bba5c943
                           .group:00000000 wm4.rspi_iodefine.h.29.7efa041fe34a7d27db66a7b337879dfe
                           .group:00000000 wm4.rtc_iodefine.h.29.6dc76be5ca3df69cecb5a81d06cc46b5
                           .group:00000000 wm4.scifa_iodefine.h.29.b04ccd664d71baaf31c75761c45b9c4d
                           .group:00000000 wm4.scim_iodefine.h.29.87d0760abf94446b00d826c797bf0ff2
                           .group:00000000 wm4.sdmmc_iodefine.h.29.e67e9815445e8057a3262d1566bea0db
                           .group:00000000 wm4.spdif_iodefine.h.29.59f5d70150fa200a4d8ee50be1ee34c8
                           .group:00000000 wm4.spibsc_iodefine.h.29.f4930f8b8da1140200204513a363c76f
                           .group:00000000 wm4.sprite_iodefine.h.29.55796d1fa083a2457fea4ece974a192e
                           .group:00000000 wm4.ssif_iodefine.h.29.054ec6d95f487f631f16aee39c85c47a
                           .group:00000000 wm4.usb_iodefine.h.29.6dc44ea388ba227e8fdcfb33c315887b
                           .group:00000000 wm4.vdc_iodefine.h.29.db282ded1f052d8567fbbd3b61ce8f7a
                           .group:00000000 wm4.vin_iodefine.h.29.9b392e5601347d53e64be3272934e170
                           .group:00000000 wm4.wdt_iodefine.h.29.ed07bb44b797072f8c28b41c64fdca30
                           .group:00000000 wm4.stdlib.h.13.4ed386f5c1a80d71e72172885d946ef2
                           .group:00000000 wm4.alloca.h.8.dfc0c703c47ec3e69746825b17d9e66d
                           .group:00000000 wm4.stdlib.h.56.f4862cfbf4363a1db01842d5bdf72c18
                           .group:00000000 wm4.reent.h.91.b3ea049ebc5486622b61409b78486f84
                           .group:00000000 wm4.driver.h.34.180df73e0731406f5e50150641059ede
                           .group:00000000 wm4.r_devlink_wrapper.h.72.ad1de4c851513efa3aed0532ebca7ca2
                           .group:00000000 wm4.r_cpg_lld_rza2m.h.34.816a72e040903fdc81e9bc59d78d8604
                           .group:00000000 wm4.r_cpg_drv_api.h.32.34aa4048b9b772326079abd0eac5b571
                           .group:00000000 wm4.r_rza2_scifa_lld_cfg.h.36.61e814bf2acbefb3a77603b0f9c69f70
                           .group:00000000 wm4.r_rza2_scifa_lld_api.h.40.f15aca924d8f4510909a605ba9e2cfc9
                           .group:00000000 wm4.r_intc_lld_rza2m.h.35.148dee33e6a963828fdce2545668b517
                           .group:00000000 wm4.r_rza2_scifa_lld.h.43.012a3fef11a37869f92df11b17f0b8cf
                           .group:00000000 wm4.r_scifa_drv_api.h.86.1d7685ff783320507ac59dff595e881d
                           .group:00000000 wm4.r_gpio_lld_rza2m.h.35.96c370653fb2c866d018d89b2befa42a
                           .group:00000000 wm4.r_gpio_drv_api.h.82.65cb5059c23a4e3e6bc10574003162e6
                           .group:00000000 wm4.r_startup_config.h.28.41a2bd9676f9208cac4163ceb2eb9006
                           .group:00000000 wm4.r_compiler_abstraction_api.h.26.bb21b39b83806cb7bb8838b6f825dcff
                           .group:00000000 wm4.r_os_abstraction_api.h.60.0331cc3a2f471de784d61b225d2e9127
                           .group:00000000 wm4.compiler_settings.h.55.412db3588640e7e83336e77c1cd11233
                           .group:00000000 wm4.r_task_priority.h.26.416bb98a222bf391200df359bd0318d1
                           .group:00000000 wm4.console.h.56.f7177c8bb22e2442e73d175311cadce3

UNDEFINED SYMBOLS
_impure_ptr
cmd_console
R_OS_TaskSleep
open
direct_control
printf
show_welcome_msg
R_OS_TaskCreate
R_DEVLINK_Init
direct_open
direct_close
R_OS_KernelInit
