   1              		.cpu cortex-a9
   2              		.eabi_attribute 28, 1
   3              		.eabi_attribute 20, 1
   4              		.eabi_attribute 21, 1
   5              		.eabi_attribute 23, 3
   6              		.eabi_attribute 24, 1
   7              		.eabi_attribute 25, 1
   8              		.eabi_attribute 26, 1
   9              		.eabi_attribute 30, 1
  10              		.eabi_attribute 34, 0
  11              		.eabi_attribute 18, 4
  12              		.file	"r_memclk_setup.c"
  13              		.text
  14              	.Ltext0:
  15              		.cfi_sections	.debug_frame
  16              		.section	.text.r_memclk_setup,"ax",%progbits
  17              		.align	2
  18              		.global	r_memclk_setup
  19              		.arch armv7-a
  20              		.arch_extension mp
  21              		.arch_extension sec
  22              		.syntax unified
  23              		.arm
  24              		.fpu neon
  26              	r_memclk_setup:
  27              	.LFB3:
  28              		.file 1 "../generate/system/r_memclk_setup.c"
   1:../generate/system/r_memclk_setup.c **** /**************************************************************************************************
   2:../generate/system/r_memclk_setup.c ****  * DISCLAIMER
   3:../generate/system/r_memclk_setup.c ****  * This software is supplied by Renesas Electronics Corporation and is only intended for use with R
   4:../generate/system/r_memclk_setup.c ****  * other uses are authorized. This software is owned by Renesas Electronics Corporation and is prot
   5:../generate/system/r_memclk_setup.c ****  * applicable laws, including copyright laws.
   6:../generate/system/r_memclk_setup.c ****  * THIS SOFTWARE IS PROVIDED "AS IS" AND RENESAS MAKES NO WARRANTIES REGARDING
   7:../generate/system/r_memclk_setup.c ****  * THIS SOFTWARE, WHETHER EXPRESS, IMPLIED OR STATUTORY, INCLUDING BUT NOT LIMITED TO WARRANTIES OF
   8:../generate/system/r_memclk_setup.c ****  * FITNESS FOR A PARTICULAR PURPOSE AND NON-INFRINGEMENT. ALL SUCH WARRANTIES ARE EXPRESSLY DISCLAI
   9:../generate/system/r_memclk_setup.c ****  * EXTENT PERMITTED NOT PROHIBITED BY LAW, NEITHER RENESAS ELECTRONICS CORPORATION NOR ANY OF ITS A
  10:../generate/system/r_memclk_setup.c ****  * SHALL BE LIABLE FOR ANY DIRECT, INDIRECT, SPECIAL, INCIDENTAL OR CONSEQUENTIAL DAMAGES FOR ANY R
  11:../generate/system/r_memclk_setup.c ****  * THIS SOFTWARE, EVEN IF RENESAS OR ITS AFFILIATES HAVE BEEN ADVISED OF THE POSSIBILITY OF SUCH DA
  12:../generate/system/r_memclk_setup.c ****  * Renesas reserves the right, without notice, to make changes to this software and to discontinue 
  13:../generate/system/r_memclk_setup.c ****  * this software. By using this software, you agree to the additional terms and conditions found by
  14:../generate/system/r_memclk_setup.c ****  * following link:
  15:../generate/system/r_memclk_setup.c ****  * http://www.renesas.com/disclaimer
  16:../generate/system/r_memclk_setup.c ****  *
  17:../generate/system/r_memclk_setup.c ****  * Copyright (C) 2019 Renesas Electronics Corporation. All rights reserved.
  18:../generate/system/r_memclk_setup.c ****  **************************************************************************************************
  19:../generate/system/r_memclk_setup.c **** /**************************************************************************************************
  20:../generate/system/r_memclk_setup.c ****  * File Name    : r_memclk_setup.c
  21:../generate/system/r_memclk_setup.c ****  * Device(s)    : RZ/A2M
  22:../generate/system/r_memclk_setup.c ****  * Description  : setting memory clock before starting R_SC_HardwareSetup
  23:../generate/system/r_memclk_setup.c ****  **************************************************************************************************
  24:../generate/system/r_memclk_setup.c **** 
  25:../generate/system/r_memclk_setup.c **** /**************************************************************************************************
  26:../generate/system/r_memclk_setup.c ****  Includes   <System Includes> , "Project Includes"
  27:../generate/system/r_memclk_setup.c ****  **************************************************************************************************
  28:../generate/system/r_memclk_setup.c **** #include "r_typedefs.h"
  29:../generate/system/r_memclk_setup.c **** #include "r_memclk_setup.h"
  30:../generate/system/r_memclk_setup.c **** 
  31:../generate/system/r_memclk_setup.c **** /**************************************************************************************************
  32:../generate/system/r_memclk_setup.c ****  * Function Name: r_memclk_setup
  33:../generate/system/r_memclk_setup.c ****  * Description  : setting memory clock before starting R_SC_HardwareSetup function
  34:../generate/system/r_memclk_setup.c ****  * Arguments    : none
  35:../generate/system/r_memclk_setup.c ****  * Return Value : none
  36:../generate/system/r_memclk_setup.c ****  **************************************************************************************************
  37:../generate/system/r_memclk_setup.c **** void r_memclk_setup(void)
  38:../generate/system/r_memclk_setup.c **** {
  29              		.loc 1 38 1 view -0
  30              		.cfi_startproc
  31              		@ args = 0, pretend = 0, frame = 0
  32              		@ frame_needed = 0, uses_anonymous_args = 0
  33 0000 10402DE9 		push	{r4, lr}
  34              		.cfi_def_cfa_offset 8
  35              		.cfi_offset 4, -8
  36              		.cfi_offset 14, -4
  39:../generate/system/r_memclk_setup.c ****     /* Call SPIBSC clock setup if defined */
  40:../generate/system/r_memclk_setup.c ****     if (NULL != r_spibsc_memclk_setup)
  37              		.loc 1 40 5 view .LVU1
  38              		.loc 1 40 8 is_stmt 0 view .LVU2
  39 0004 003000E3 		movw	r3, #:lower16:r_spibsc_memclk_setup
  40 0008 003040E3 		movt	r3, #:upper16:r_spibsc_memclk_setup
  41 000c 000053E3 		cmp	r3, #0
  42 0010 0000000A 		beq	.L2
  41:../generate/system/r_memclk_setup.c ****     {
  42:../generate/system/r_memclk_setup.c ****         r_spibsc_memclk_setup();
  43              		.loc 1 42 9 is_stmt 1 view .LVU3
  44 0014 FEFFFFEB 		bl	r_spibsc_memclk_setup
  45              	.LVL0:
  46              	.L2:
  43:../generate/system/r_memclk_setup.c ****     }
  44:../generate/system/r_memclk_setup.c **** 
  45:../generate/system/r_memclk_setup.c ****     /* Call HYPERBUS clock setup if defined */
  46:../generate/system/r_memclk_setup.c ****     if (NULL != r_hyperbus_memclk_setup)
  47              		.loc 1 46 5 view .LVU4
  48              		.loc 1 46 8 is_stmt 0 view .LVU5
  49 0018 003000E3 		movw	r3, #:lower16:r_hyperbus_memclk_setup
  50 001c 003040E3 		movt	r3, #:upper16:r_hyperbus_memclk_setup
  51 0020 000053E3 		cmp	r3, #0
  52 0024 0000000A 		beq	.L3
  47:../generate/system/r_memclk_setup.c ****     {
  48:../generate/system/r_memclk_setup.c ****         r_hyperbus_memclk_setup();
  53              		.loc 1 48 9 is_stmt 1 view .LVU6
  54 0028 FEFFFFEB 		bl	r_hyperbus_memclk_setup
  55              	.LVL1:
  56              	.L3:
  49:../generate/system/r_memclk_setup.c ****     }
  50:../generate/system/r_memclk_setup.c **** 
  51:../generate/system/r_memclk_setup.c ****     /* Call OCTABUS clock setup if defined */
  52:../generate/system/r_memclk_setup.c ****     if (NULL != r_octabus_memclk_setup)
  57              		.loc 1 52 5 view .LVU7
  58              		.loc 1 52 8 is_stmt 0 view .LVU8
  59 002c 003000E3 		movw	r3, #:lower16:r_octabus_memclk_setup
  60 0030 003040E3 		movt	r3, #:upper16:r_octabus_memclk_setup
  61 0034 000053E3 		cmp	r3, #0
  62 0038 1080BD08 		popeq	{r4, pc}
  53:../generate/system/r_memclk_setup.c ****     {
  54:../generate/system/r_memclk_setup.c ****         r_octabus_memclk_setup();
  63              		.loc 1 54 9 is_stmt 1 view .LVU9
  64 003c FEFFFFEB 		bl	r_octabus_memclk_setup
  65              	.LVL2:
  55:../generate/system/r_memclk_setup.c ****     }
  56:../generate/system/r_memclk_setup.c **** }
  66              		.loc 1 56 1 is_stmt 0 view .LVU10
  67 0040 1080BDE8 		pop	{r4, pc}
  68              		.cfi_endproc
  69              	.LFE3:
  71              		.weak	r_octabus_memclk_setup
  72              		.weak	r_hyperbus_memclk_setup
  73              		.weak	r_spibsc_memclk_setup
  74              		.text
  75              	.Letext0:
  76              		.file 2 "c:\\program files (x86)\\gnu arm embedded toolchain\\9 2020-q2-update\\lib\\gcc\\arm-none
  77              		.file 3 "c:\\program files (x86)\\gnu arm embedded toolchain\\9 2020-q2-update\\arm-none-eabi\\inc
  78              		.file 4 "c:\\program files (x86)\\gnu arm embedded toolchain\\9 2020-q2-update\\arm-none-eabi\\inc
  79              		.file 5 "c:\\program files (x86)\\gnu arm embedded toolchain\\9 2020-q2-update\\arm-none-eabi\\inc
  80              		.file 6 "c:\\program files (x86)\\gnu arm embedded toolchain\\9 2020-q2-update\\arm-none-eabi\\inc
  81              		.file 7 "C:/Users/ryota/e2_studio/workspace/rza2m_ssif_sample_freertos_gcc/generate/system/inc/r_m
DEFINED SYMBOLS
                            *ABS*:00000000 r_memclk_setup.c
C:\Users\ryota\AppData\Local\Temp\ccqqwzFI.s:17     .text.r_memclk_setup:00000000 $a
C:\Users\ryota\AppData\Local\Temp\ccqqwzFI.s:26     .text.r_memclk_setup:00000000 r_memclk_setup
                           .group:00000000 wm4.0.3d5c910ebb40df6df78b28e37cd67f3d
                           .group:00000000 wm4.stddef.h.39.144cf5ddcd53cbfdac30259dc1a6c87f
                           .group:00000000 wm4._newlib_version.h.4.1ef4e12f167f8b69d7c30054be56050d
                           .group:00000000 wm4.features.h.33.318b64d71e0957639cfb30f1db1f7ec8
                           .group:00000000 wm4._default_types.h.15.247e5cd201eca3442cbf5404108c4935
                           .group:00000000 wm4._intsup.h.10.48bafbb683905c4daa4565a85aeeb264
                           .group:00000000 wm4._stdint.h.10.c24fa3af3bc1706662bb5593a907e841
                           .group:00000000 wm4.stdint.h.23.d53047a68f4a85177f80b422d52785ed
                           .group:00000000 wm4.newlib.h.8.7cb3972cd43265932d4782d5eb589854
                           .group:00000000 wm4.ieeefp.h.77.3f06799abf5dd88bdddee084775a1223
                           .group:00000000 wm4.config.h.224.c701144a7b0518c6ee9b9b5465b79f81
                           .group:00000000 wm4._ansi.h.31.de524f58584151836e90d8620a16f8e8
                           .group:00000000 wm4._types.h.20.dd0d04dca3800a0d2a6129b87f3adbb2
                           .group:00000000 wm4.stddef.h.155.3588ebfdd1e8c7ede80509bb9c3b8009
                           .group:00000000 wm4._types.h.127.34941de1b2539d59d5cac00e0dd27a45
                           .group:00000000 wm4.reent.h.17.e292bf8b0bec6c96e131a54347145a30
                           .group:00000000 wm4.lock.h.2.1461d1fff82dffe8bfddc23307f6484f
                           .group:00000000 wm4.reent.h.77.dcd6129ff07fe81bd5636db29abe53b2
                           .group:00000000 wm4.cdefs.h.49.6260d97adb8d27534cbdc0f868b8ea87
                           .group:00000000 wm4.math.h.13.97100c05caf9f40dd9f5a3cda48ccc01
                           .group:00000000 wm4.r_typedefs.h.38.e90d9de5300d9ae020e5db8c5af88b3e
                           .group:00000000 wm4.r_compiler_abstraction_api.h.26.bb21b39b83806cb7bb8838b6f825dcff

UNDEFINED SYMBOLS
r_spibsc_memclk_setup
r_hyperbus_memclk_setup
r_octabus_memclk_setup
